ARM GAS  /tmp/ccJv5mjs.s 			page 1


   1              		.cpu cortex-m4
   2              		.eabi_attribute 27, 1
   3              		.eabi_attribute 28, 1
   4              		.eabi_attribute 20, 1
   5              		.eabi_attribute 21, 1
   6              		.eabi_attribute 23, 3
   7              		.eabi_attribute 24, 1
   8              		.eabi_attribute 25, 1
   9              		.eabi_attribute 26, 1
  10              		.eabi_attribute 30, 1
  11              		.eabi_attribute 34, 1
  12              		.eabi_attribute 18, 4
  13              		.file	"stm32f4xx_hal_exti.c"
  14              		.text
  15              	.Ltext0:
  16              		.cfi_sections	.debug_frame
  17              		.section	.text.HAL_EXTI_SetConfigLine,"ax",%progbits
  18              		.align	1
  19              		.global	HAL_EXTI_SetConfigLine
  20              		.arch armv7e-m
  21              		.syntax unified
  22              		.thumb
  23              		.thumb_func
  24              		.fpu fpv4-sp-d16
  26              	HAL_EXTI_SetConfigLine:
  27              	.LVL0:
  28              	.LFB130:
  29              		.file 1 "../Drivers/STM32F4xx_HAL_Driver/Src/stm32f4xx_hal_exti.c"
   1:../Drivers/STM32F4xx_HAL_Driver/Src/stm32f4xx_hal_exti.c **** /**
   2:../Drivers/STM32F4xx_HAL_Driver/Src/stm32f4xx_hal_exti.c ****   ******************************************************************************
   3:../Drivers/STM32F4xx_HAL_Driver/Src/stm32f4xx_hal_exti.c ****   * @file    stm32f4xx_hal_exti.c
   4:../Drivers/STM32F4xx_HAL_Driver/Src/stm32f4xx_hal_exti.c ****   * @author  MCD Application Team
   5:../Drivers/STM32F4xx_HAL_Driver/Src/stm32f4xx_hal_exti.c ****   * @brief   EXTI HAL module driver.
   6:../Drivers/STM32F4xx_HAL_Driver/Src/stm32f4xx_hal_exti.c ****   *          This file provides firmware functions to manage the following
   7:../Drivers/STM32F4xx_HAL_Driver/Src/stm32f4xx_hal_exti.c ****   *          functionalities of the Extended Interrupts and events controller (EXTI) peripheral:
   8:../Drivers/STM32F4xx_HAL_Driver/Src/stm32f4xx_hal_exti.c ****   *           + Initialization and de-initialization functions
   9:../Drivers/STM32F4xx_HAL_Driver/Src/stm32f4xx_hal_exti.c ****   *           + IO operation functions
  10:../Drivers/STM32F4xx_HAL_Driver/Src/stm32f4xx_hal_exti.c ****   *
  11:../Drivers/STM32F4xx_HAL_Driver/Src/stm32f4xx_hal_exti.c ****   @verbatim
  12:../Drivers/STM32F4xx_HAL_Driver/Src/stm32f4xx_hal_exti.c ****   ==============================================================================
  13:../Drivers/STM32F4xx_HAL_Driver/Src/stm32f4xx_hal_exti.c ****                     ##### EXTI Peripheral features #####
  14:../Drivers/STM32F4xx_HAL_Driver/Src/stm32f4xx_hal_exti.c ****   ==============================================================================
  15:../Drivers/STM32F4xx_HAL_Driver/Src/stm32f4xx_hal_exti.c ****   [..]
  16:../Drivers/STM32F4xx_HAL_Driver/Src/stm32f4xx_hal_exti.c ****     (+) Each Exti line can be configured within this driver.
  17:../Drivers/STM32F4xx_HAL_Driver/Src/stm32f4xx_hal_exti.c **** 
  18:../Drivers/STM32F4xx_HAL_Driver/Src/stm32f4xx_hal_exti.c ****     (+) Exti line can be configured in 3 different modes
  19:../Drivers/STM32F4xx_HAL_Driver/Src/stm32f4xx_hal_exti.c ****         (++) Interrupt
  20:../Drivers/STM32F4xx_HAL_Driver/Src/stm32f4xx_hal_exti.c ****         (++) Event
  21:../Drivers/STM32F4xx_HAL_Driver/Src/stm32f4xx_hal_exti.c ****         (++) Both of them
  22:../Drivers/STM32F4xx_HAL_Driver/Src/stm32f4xx_hal_exti.c **** 
  23:../Drivers/STM32F4xx_HAL_Driver/Src/stm32f4xx_hal_exti.c ****     (+) Configurable Exti lines can be configured with 3 different triggers
  24:../Drivers/STM32F4xx_HAL_Driver/Src/stm32f4xx_hal_exti.c ****         (++) Rising
  25:../Drivers/STM32F4xx_HAL_Driver/Src/stm32f4xx_hal_exti.c ****         (++) Falling
  26:../Drivers/STM32F4xx_HAL_Driver/Src/stm32f4xx_hal_exti.c ****         (++) Both of them
  27:../Drivers/STM32F4xx_HAL_Driver/Src/stm32f4xx_hal_exti.c **** 
  28:../Drivers/STM32F4xx_HAL_Driver/Src/stm32f4xx_hal_exti.c ****     (+) When set in interrupt mode, configurable Exti lines have two different
  29:../Drivers/STM32F4xx_HAL_Driver/Src/stm32f4xx_hal_exti.c ****         interrupts pending registers which allow to distinguish which transition
ARM GAS  /tmp/ccJv5mjs.s 			page 2


  30:../Drivers/STM32F4xx_HAL_Driver/Src/stm32f4xx_hal_exti.c ****         occurs:
  31:../Drivers/STM32F4xx_HAL_Driver/Src/stm32f4xx_hal_exti.c ****         (++) Rising edge pending interrupt
  32:../Drivers/STM32F4xx_HAL_Driver/Src/stm32f4xx_hal_exti.c ****         (++) Falling
  33:../Drivers/STM32F4xx_HAL_Driver/Src/stm32f4xx_hal_exti.c **** 
  34:../Drivers/STM32F4xx_HAL_Driver/Src/stm32f4xx_hal_exti.c ****     (+) Exti lines 0 to 15 are linked to gpio pin number 0 to 15. Gpio port can
  35:../Drivers/STM32F4xx_HAL_Driver/Src/stm32f4xx_hal_exti.c ****         be selected through multiplexer.
  36:../Drivers/STM32F4xx_HAL_Driver/Src/stm32f4xx_hal_exti.c **** 
  37:../Drivers/STM32F4xx_HAL_Driver/Src/stm32f4xx_hal_exti.c ****                      ##### How to use this driver #####
  38:../Drivers/STM32F4xx_HAL_Driver/Src/stm32f4xx_hal_exti.c ****   ==============================================================================
  39:../Drivers/STM32F4xx_HAL_Driver/Src/stm32f4xx_hal_exti.c ****   [..]
  40:../Drivers/STM32F4xx_HAL_Driver/Src/stm32f4xx_hal_exti.c **** 
  41:../Drivers/STM32F4xx_HAL_Driver/Src/stm32f4xx_hal_exti.c ****     (#) Configure the EXTI line using HAL_EXTI_SetConfigLine().
  42:../Drivers/STM32F4xx_HAL_Driver/Src/stm32f4xx_hal_exti.c ****         (++) Choose the interrupt line number by setting "Line" member from
  43:../Drivers/STM32F4xx_HAL_Driver/Src/stm32f4xx_hal_exti.c ****              EXTI_ConfigTypeDef structure.
  44:../Drivers/STM32F4xx_HAL_Driver/Src/stm32f4xx_hal_exti.c ****         (++) Configure the interrupt and/or event mode using "Mode" member from
  45:../Drivers/STM32F4xx_HAL_Driver/Src/stm32f4xx_hal_exti.c ****              EXTI_ConfigTypeDef structure.
  46:../Drivers/STM32F4xx_HAL_Driver/Src/stm32f4xx_hal_exti.c ****         (++) For configurable lines, configure rising and/or falling trigger
  47:../Drivers/STM32F4xx_HAL_Driver/Src/stm32f4xx_hal_exti.c ****              "Trigger" member from EXTI_ConfigTypeDef structure.
  48:../Drivers/STM32F4xx_HAL_Driver/Src/stm32f4xx_hal_exti.c ****         (++) For Exti lines linked to gpio, choose gpio port using "GPIOSel"
  49:../Drivers/STM32F4xx_HAL_Driver/Src/stm32f4xx_hal_exti.c ****              member from GPIO_InitTypeDef structure.
  50:../Drivers/STM32F4xx_HAL_Driver/Src/stm32f4xx_hal_exti.c **** 
  51:../Drivers/STM32F4xx_HAL_Driver/Src/stm32f4xx_hal_exti.c ****     (#) Get current Exti configuration of a dedicated line using
  52:../Drivers/STM32F4xx_HAL_Driver/Src/stm32f4xx_hal_exti.c ****         HAL_EXTI_GetConfigLine().
  53:../Drivers/STM32F4xx_HAL_Driver/Src/stm32f4xx_hal_exti.c ****         (++) Provide exiting handle as parameter.
  54:../Drivers/STM32F4xx_HAL_Driver/Src/stm32f4xx_hal_exti.c ****         (++) Provide pointer on EXTI_ConfigTypeDef structure as second parameter.
  55:../Drivers/STM32F4xx_HAL_Driver/Src/stm32f4xx_hal_exti.c **** 
  56:../Drivers/STM32F4xx_HAL_Driver/Src/stm32f4xx_hal_exti.c ****     (#) Clear Exti configuration of a dedicated line using HAL_EXTI_GetConfigLine().
  57:../Drivers/STM32F4xx_HAL_Driver/Src/stm32f4xx_hal_exti.c ****         (++) Provide exiting handle as parameter.
  58:../Drivers/STM32F4xx_HAL_Driver/Src/stm32f4xx_hal_exti.c **** 
  59:../Drivers/STM32F4xx_HAL_Driver/Src/stm32f4xx_hal_exti.c ****     (#) Register callback to treat Exti interrupts using HAL_EXTI_RegisterCallback().
  60:../Drivers/STM32F4xx_HAL_Driver/Src/stm32f4xx_hal_exti.c ****         (++) Provide exiting handle as first parameter.
  61:../Drivers/STM32F4xx_HAL_Driver/Src/stm32f4xx_hal_exti.c ****         (++) Provide which callback will be registered using one value from
  62:../Drivers/STM32F4xx_HAL_Driver/Src/stm32f4xx_hal_exti.c ****              EXTI_CallbackIDTypeDef.
  63:../Drivers/STM32F4xx_HAL_Driver/Src/stm32f4xx_hal_exti.c ****         (++) Provide callback function pointer.
  64:../Drivers/STM32F4xx_HAL_Driver/Src/stm32f4xx_hal_exti.c **** 
  65:../Drivers/STM32F4xx_HAL_Driver/Src/stm32f4xx_hal_exti.c ****     (#) Get interrupt pending bit using HAL_EXTI_GetPending().
  66:../Drivers/STM32F4xx_HAL_Driver/Src/stm32f4xx_hal_exti.c **** 
  67:../Drivers/STM32F4xx_HAL_Driver/Src/stm32f4xx_hal_exti.c ****     (#) Clear interrupt pending bit using HAL_EXTI_GetPending().
  68:../Drivers/STM32F4xx_HAL_Driver/Src/stm32f4xx_hal_exti.c **** 
  69:../Drivers/STM32F4xx_HAL_Driver/Src/stm32f4xx_hal_exti.c ****     (#) Generate software interrupt using HAL_EXTI_GenerateSWI().
  70:../Drivers/STM32F4xx_HAL_Driver/Src/stm32f4xx_hal_exti.c **** 
  71:../Drivers/STM32F4xx_HAL_Driver/Src/stm32f4xx_hal_exti.c ****   @endverbatim
  72:../Drivers/STM32F4xx_HAL_Driver/Src/stm32f4xx_hal_exti.c ****   ******************************************************************************
  73:../Drivers/STM32F4xx_HAL_Driver/Src/stm32f4xx_hal_exti.c ****   * @attention
  74:../Drivers/STM32F4xx_HAL_Driver/Src/stm32f4xx_hal_exti.c ****   *
  75:../Drivers/STM32F4xx_HAL_Driver/Src/stm32f4xx_hal_exti.c ****   * <h2><center>&copy; Copyright (c) 2018 STMicroelectronics.
  76:../Drivers/STM32F4xx_HAL_Driver/Src/stm32f4xx_hal_exti.c ****   * All rights reserved.</center></h2>
  77:../Drivers/STM32F4xx_HAL_Driver/Src/stm32f4xx_hal_exti.c ****   *
  78:../Drivers/STM32F4xx_HAL_Driver/Src/stm32f4xx_hal_exti.c ****   * This software component is licensed by ST under BSD 3-Clause license,
  79:../Drivers/STM32F4xx_HAL_Driver/Src/stm32f4xx_hal_exti.c ****   * the "License"; You may not use this file except in compliance with the
  80:../Drivers/STM32F4xx_HAL_Driver/Src/stm32f4xx_hal_exti.c ****   * License. You may obtain a copy of the License at:
  81:../Drivers/STM32F4xx_HAL_Driver/Src/stm32f4xx_hal_exti.c ****   *                        opensource.org/licenses/BSD-3-Clause
  82:../Drivers/STM32F4xx_HAL_Driver/Src/stm32f4xx_hal_exti.c ****   *
  83:../Drivers/STM32F4xx_HAL_Driver/Src/stm32f4xx_hal_exti.c ****   ******************************************************************************
  84:../Drivers/STM32F4xx_HAL_Driver/Src/stm32f4xx_hal_exti.c ****   */
  85:../Drivers/STM32F4xx_HAL_Driver/Src/stm32f4xx_hal_exti.c **** 
  86:../Drivers/STM32F4xx_HAL_Driver/Src/stm32f4xx_hal_exti.c **** /* Includes ------------------------------------------------------------------*/
ARM GAS  /tmp/ccJv5mjs.s 			page 3


  87:../Drivers/STM32F4xx_HAL_Driver/Src/stm32f4xx_hal_exti.c **** #include "stm32f4xx_hal.h"
  88:../Drivers/STM32F4xx_HAL_Driver/Src/stm32f4xx_hal_exti.c **** 
  89:../Drivers/STM32F4xx_HAL_Driver/Src/stm32f4xx_hal_exti.c **** /** @addtogroup STM32F4xx_HAL_Driver
  90:../Drivers/STM32F4xx_HAL_Driver/Src/stm32f4xx_hal_exti.c ****   * @{
  91:../Drivers/STM32F4xx_HAL_Driver/Src/stm32f4xx_hal_exti.c ****   */
  92:../Drivers/STM32F4xx_HAL_Driver/Src/stm32f4xx_hal_exti.c **** 
  93:../Drivers/STM32F4xx_HAL_Driver/Src/stm32f4xx_hal_exti.c **** /** @addtogroup EXTI
  94:../Drivers/STM32F4xx_HAL_Driver/Src/stm32f4xx_hal_exti.c ****   * @{
  95:../Drivers/STM32F4xx_HAL_Driver/Src/stm32f4xx_hal_exti.c ****   */
  96:../Drivers/STM32F4xx_HAL_Driver/Src/stm32f4xx_hal_exti.c **** /** MISRA C:2012 deviation rule has been granted for following rule:
  97:../Drivers/STM32F4xx_HAL_Driver/Src/stm32f4xx_hal_exti.c ****   * Rule-18.1_b - Medium: Array `EXTICR' 1st subscript interval [0,7] may be out
  98:../Drivers/STM32F4xx_HAL_Driver/Src/stm32f4xx_hal_exti.c ****   * of bounds [0,3] in following API :
  99:../Drivers/STM32F4xx_HAL_Driver/Src/stm32f4xx_hal_exti.c ****   * HAL_EXTI_SetConfigLine
 100:../Drivers/STM32F4xx_HAL_Driver/Src/stm32f4xx_hal_exti.c ****   * HAL_EXTI_GetConfigLine
 101:../Drivers/STM32F4xx_HAL_Driver/Src/stm32f4xx_hal_exti.c ****   * HAL_EXTI_ClearConfigLine
 102:../Drivers/STM32F4xx_HAL_Driver/Src/stm32f4xx_hal_exti.c ****   */
 103:../Drivers/STM32F4xx_HAL_Driver/Src/stm32f4xx_hal_exti.c **** 
 104:../Drivers/STM32F4xx_HAL_Driver/Src/stm32f4xx_hal_exti.c **** #ifdef HAL_EXTI_MODULE_ENABLED
 105:../Drivers/STM32F4xx_HAL_Driver/Src/stm32f4xx_hal_exti.c **** 
 106:../Drivers/STM32F4xx_HAL_Driver/Src/stm32f4xx_hal_exti.c **** /* Private typedef -----------------------------------------------------------*/
 107:../Drivers/STM32F4xx_HAL_Driver/Src/stm32f4xx_hal_exti.c **** /* Private defines -----------------------------------------------------------*/
 108:../Drivers/STM32F4xx_HAL_Driver/Src/stm32f4xx_hal_exti.c **** /** @defgroup EXTI_Private_Constants EXTI Private Constants
 109:../Drivers/STM32F4xx_HAL_Driver/Src/stm32f4xx_hal_exti.c ****   * @{
 110:../Drivers/STM32F4xx_HAL_Driver/Src/stm32f4xx_hal_exti.c ****   */
 111:../Drivers/STM32F4xx_HAL_Driver/Src/stm32f4xx_hal_exti.c **** 
 112:../Drivers/STM32F4xx_HAL_Driver/Src/stm32f4xx_hal_exti.c **** /**
 113:../Drivers/STM32F4xx_HAL_Driver/Src/stm32f4xx_hal_exti.c ****   * @}
 114:../Drivers/STM32F4xx_HAL_Driver/Src/stm32f4xx_hal_exti.c ****   */
 115:../Drivers/STM32F4xx_HAL_Driver/Src/stm32f4xx_hal_exti.c **** 
 116:../Drivers/STM32F4xx_HAL_Driver/Src/stm32f4xx_hal_exti.c **** /* Private macros ------------------------------------------------------------*/
 117:../Drivers/STM32F4xx_HAL_Driver/Src/stm32f4xx_hal_exti.c **** /* Private variables ---------------------------------------------------------*/
 118:../Drivers/STM32F4xx_HAL_Driver/Src/stm32f4xx_hal_exti.c **** /* Private function prototypes -----------------------------------------------*/
 119:../Drivers/STM32F4xx_HAL_Driver/Src/stm32f4xx_hal_exti.c **** /* Exported functions --------------------------------------------------------*/
 120:../Drivers/STM32F4xx_HAL_Driver/Src/stm32f4xx_hal_exti.c **** 
 121:../Drivers/STM32F4xx_HAL_Driver/Src/stm32f4xx_hal_exti.c **** /** @addtogroup EXTI_Exported_Functions
 122:../Drivers/STM32F4xx_HAL_Driver/Src/stm32f4xx_hal_exti.c ****   * @{
 123:../Drivers/STM32F4xx_HAL_Driver/Src/stm32f4xx_hal_exti.c ****   */
 124:../Drivers/STM32F4xx_HAL_Driver/Src/stm32f4xx_hal_exti.c **** 
 125:../Drivers/STM32F4xx_HAL_Driver/Src/stm32f4xx_hal_exti.c **** /** @addtogroup EXTI_Exported_Functions_Group1
 126:../Drivers/STM32F4xx_HAL_Driver/Src/stm32f4xx_hal_exti.c ****   *  @brief    Configuration functions
 127:../Drivers/STM32F4xx_HAL_Driver/Src/stm32f4xx_hal_exti.c ****   *
 128:../Drivers/STM32F4xx_HAL_Driver/Src/stm32f4xx_hal_exti.c **** @verbatim
 129:../Drivers/STM32F4xx_HAL_Driver/Src/stm32f4xx_hal_exti.c ****  ===============================================================================
 130:../Drivers/STM32F4xx_HAL_Driver/Src/stm32f4xx_hal_exti.c ****               ##### Configuration functions #####
 131:../Drivers/STM32F4xx_HAL_Driver/Src/stm32f4xx_hal_exti.c ****  ===============================================================================
 132:../Drivers/STM32F4xx_HAL_Driver/Src/stm32f4xx_hal_exti.c **** 
 133:../Drivers/STM32F4xx_HAL_Driver/Src/stm32f4xx_hal_exti.c **** @endverbatim
 134:../Drivers/STM32F4xx_HAL_Driver/Src/stm32f4xx_hal_exti.c ****   * @{
 135:../Drivers/STM32F4xx_HAL_Driver/Src/stm32f4xx_hal_exti.c ****   */
 136:../Drivers/STM32F4xx_HAL_Driver/Src/stm32f4xx_hal_exti.c **** 
 137:../Drivers/STM32F4xx_HAL_Driver/Src/stm32f4xx_hal_exti.c **** /**
 138:../Drivers/STM32F4xx_HAL_Driver/Src/stm32f4xx_hal_exti.c ****   * @brief  Set configuration of a dedicated Exti line.
 139:../Drivers/STM32F4xx_HAL_Driver/Src/stm32f4xx_hal_exti.c ****   * @param  hexti Exti handle.
 140:../Drivers/STM32F4xx_HAL_Driver/Src/stm32f4xx_hal_exti.c ****   * @param  pExtiConfig Pointer on EXTI configuration to be set.
 141:../Drivers/STM32F4xx_HAL_Driver/Src/stm32f4xx_hal_exti.c ****   * @retval HAL Status.
 142:../Drivers/STM32F4xx_HAL_Driver/Src/stm32f4xx_hal_exti.c ****   */
 143:../Drivers/STM32F4xx_HAL_Driver/Src/stm32f4xx_hal_exti.c **** HAL_StatusTypeDef HAL_EXTI_SetConfigLine(EXTI_HandleTypeDef *hexti, EXTI_ConfigTypeDef *pExtiConfig
ARM GAS  /tmp/ccJv5mjs.s 			page 4


 144:../Drivers/STM32F4xx_HAL_Driver/Src/stm32f4xx_hal_exti.c **** {
  30              		.loc 1 144 1 view -0
  31              		.cfi_startproc
  32              		@ args = 0, pretend = 0, frame = 0
  33              		@ frame_needed = 0, uses_anonymous_args = 0
  34              		@ link register save eliminated.
 145:../Drivers/STM32F4xx_HAL_Driver/Src/stm32f4xx_hal_exti.c ****   uint32_t regval;
  35              		.loc 1 145 3 view .LVU1
 146:../Drivers/STM32F4xx_HAL_Driver/Src/stm32f4xx_hal_exti.c ****   uint32_t linepos;
  36              		.loc 1 146 3 view .LVU2
 147:../Drivers/STM32F4xx_HAL_Driver/Src/stm32f4xx_hal_exti.c ****   uint32_t maskline;
  37              		.loc 1 147 3 view .LVU3
 148:../Drivers/STM32F4xx_HAL_Driver/Src/stm32f4xx_hal_exti.c **** 
 149:../Drivers/STM32F4xx_HAL_Driver/Src/stm32f4xx_hal_exti.c ****   /* Check null pointer */
 150:../Drivers/STM32F4xx_HAL_Driver/Src/stm32f4xx_hal_exti.c ****   if ((hexti == NULL) || (pExtiConfig == NULL))
  38              		.loc 1 150 3 view .LVU4
  39              		.loc 1 150 6 is_stmt 0 view .LVU5
  40 0000 0028     		cmp	r0, #0
  41 0002 60D0     		beq	.L11
  42              		.loc 1 150 23 discriminator 1 view .LVU6
  43 0004 0029     		cmp	r1, #0
  44 0006 60D0     		beq	.L12
 144:../Drivers/STM32F4xx_HAL_Driver/Src/stm32f4xx_hal_exti.c ****   uint32_t regval;
  45              		.loc 1 144 1 view .LVU7
  46 0008 70B4     		push	{r4, r5, r6}
  47              	.LCFI0:
  48              		.cfi_def_cfa_offset 12
  49              		.cfi_offset 4, -12
  50              		.cfi_offset 5, -8
  51              		.cfi_offset 6, -4
 151:../Drivers/STM32F4xx_HAL_Driver/Src/stm32f4xx_hal_exti.c ****   {
 152:../Drivers/STM32F4xx_HAL_Driver/Src/stm32f4xx_hal_exti.c ****     return HAL_ERROR;
 153:../Drivers/STM32F4xx_HAL_Driver/Src/stm32f4xx_hal_exti.c ****   }
 154:../Drivers/STM32F4xx_HAL_Driver/Src/stm32f4xx_hal_exti.c **** 
 155:../Drivers/STM32F4xx_HAL_Driver/Src/stm32f4xx_hal_exti.c ****   /* Check parameters */
 156:../Drivers/STM32F4xx_HAL_Driver/Src/stm32f4xx_hal_exti.c ****   assert_param(IS_EXTI_LINE(pExtiConfig->Line));
  52              		.loc 1 156 3 is_stmt 1 view .LVU8
 157:../Drivers/STM32F4xx_HAL_Driver/Src/stm32f4xx_hal_exti.c ****   assert_param(IS_EXTI_MODE(pExtiConfig->Mode));
  53              		.loc 1 157 3 view .LVU9
 158:../Drivers/STM32F4xx_HAL_Driver/Src/stm32f4xx_hal_exti.c **** 
 159:../Drivers/STM32F4xx_HAL_Driver/Src/stm32f4xx_hal_exti.c ****   /* Assign line number to handle */
 160:../Drivers/STM32F4xx_HAL_Driver/Src/stm32f4xx_hal_exti.c ****   hexti->Line = pExtiConfig->Line;
  54              		.loc 1 160 3 view .LVU10
  55              		.loc 1 160 28 is_stmt 0 view .LVU11
  56 000a 0B68     		ldr	r3, [r1]
  57              		.loc 1 160 15 view .LVU12
  58 000c 0360     		str	r3, [r0]
 161:../Drivers/STM32F4xx_HAL_Driver/Src/stm32f4xx_hal_exti.c **** 
 162:../Drivers/STM32F4xx_HAL_Driver/Src/stm32f4xx_hal_exti.c ****   /* Compute line mask */
 163:../Drivers/STM32F4xx_HAL_Driver/Src/stm32f4xx_hal_exti.c ****   linepos = (pExtiConfig->Line & EXTI_PIN_MASK);
  59              		.loc 1 163 3 is_stmt 1 view .LVU13
  60              		.loc 1 163 11 is_stmt 0 view .LVU14
  61 000e 03F01F02 		and	r2, r3, #31
  62              	.LVL1:
 164:../Drivers/STM32F4xx_HAL_Driver/Src/stm32f4xx_hal_exti.c ****   maskline = (1uL << linepos);
  63              		.loc 1 164 3 is_stmt 1 view .LVU15
  64              		.loc 1 164 12 is_stmt 0 view .LVU16
ARM GAS  /tmp/ccJv5mjs.s 			page 5


  65 0012 0120     		movs	r0, #1
  66              	.LVL2:
  67              		.loc 1 164 12 view .LVU17
  68 0014 9040     		lsls	r0, r0, r2
  69              	.LVL3:
 165:../Drivers/STM32F4xx_HAL_Driver/Src/stm32f4xx_hal_exti.c **** 
 166:../Drivers/STM32F4xx_HAL_Driver/Src/stm32f4xx_hal_exti.c ****   /* Configure triggers for configurable lines */
 167:../Drivers/STM32F4xx_HAL_Driver/Src/stm32f4xx_hal_exti.c ****   if ((pExtiConfig->Line & EXTI_CONFIG) != 0x00u)
  70              		.loc 1 167 3 is_stmt 1 view .LVU18
  71              		.loc 1 167 6 is_stmt 0 view .LVU19
  72 0016 13F0007F 		tst	r3, #33554432
  73 001a 15D0     		beq	.L3
 168:../Drivers/STM32F4xx_HAL_Driver/Src/stm32f4xx_hal_exti.c ****   {
 169:../Drivers/STM32F4xx_HAL_Driver/Src/stm32f4xx_hal_exti.c ****     assert_param(IS_EXTI_TRIGGER(pExtiConfig->Trigger));
  74              		.loc 1 169 5 is_stmt 1 view .LVU20
 170:../Drivers/STM32F4xx_HAL_Driver/Src/stm32f4xx_hal_exti.c **** 
 171:../Drivers/STM32F4xx_HAL_Driver/Src/stm32f4xx_hal_exti.c ****     /* Configure rising trigger */
 172:../Drivers/STM32F4xx_HAL_Driver/Src/stm32f4xx_hal_exti.c ****     /* Mask or set line */
 173:../Drivers/STM32F4xx_HAL_Driver/Src/stm32f4xx_hal_exti.c ****     if ((pExtiConfig->Trigger & EXTI_TRIGGER_RISING) != 0x00u)
  75              		.loc 1 173 5 view .LVU21
  76              		.loc 1 173 8 is_stmt 0 view .LVU22
  77 001c 8C68     		ldr	r4, [r1, #8]
  78 001e 14F0010F 		tst	r4, #1
  79 0022 24D0     		beq	.L4
 174:../Drivers/STM32F4xx_HAL_Driver/Src/stm32f4xx_hal_exti.c ****     {
 175:../Drivers/STM32F4xx_HAL_Driver/Src/stm32f4xx_hal_exti.c ****       EXTI->RTSR |= maskline;
  80              		.loc 1 175 7 is_stmt 1 view .LVU23
  81              		.loc 1 175 18 is_stmt 0 view .LVU24
  82 0024 2A4D     		ldr	r5, .L18
  83 0026 AC68     		ldr	r4, [r5, #8]
  84 0028 0443     		orrs	r4, r4, r0
  85 002a AC60     		str	r4, [r5, #8]
  86              	.L5:
 176:../Drivers/STM32F4xx_HAL_Driver/Src/stm32f4xx_hal_exti.c ****     }
 177:../Drivers/STM32F4xx_HAL_Driver/Src/stm32f4xx_hal_exti.c ****     else
 178:../Drivers/STM32F4xx_HAL_Driver/Src/stm32f4xx_hal_exti.c ****     {
 179:../Drivers/STM32F4xx_HAL_Driver/Src/stm32f4xx_hal_exti.c ****       EXTI->RTSR &= ~maskline;
 180:../Drivers/STM32F4xx_HAL_Driver/Src/stm32f4xx_hal_exti.c ****     }
 181:../Drivers/STM32F4xx_HAL_Driver/Src/stm32f4xx_hal_exti.c **** 
 182:../Drivers/STM32F4xx_HAL_Driver/Src/stm32f4xx_hal_exti.c ****     /* Configure falling trigger */
 183:../Drivers/STM32F4xx_HAL_Driver/Src/stm32f4xx_hal_exti.c ****     /* Mask or set line */
 184:../Drivers/STM32F4xx_HAL_Driver/Src/stm32f4xx_hal_exti.c ****     if ((pExtiConfig->Trigger & EXTI_TRIGGER_FALLING) != 0x00u)
  87              		.loc 1 184 5 is_stmt 1 view .LVU25
  88              		.loc 1 184 8 is_stmt 0 view .LVU26
  89 002c 8C68     		ldr	r4, [r1, #8]
  90 002e 14F0020F 		tst	r4, #2
  91 0032 22D0     		beq	.L6
 185:../Drivers/STM32F4xx_HAL_Driver/Src/stm32f4xx_hal_exti.c ****     {
 186:../Drivers/STM32F4xx_HAL_Driver/Src/stm32f4xx_hal_exti.c ****       EXTI->FTSR |= maskline;
  92              		.loc 1 186 7 is_stmt 1 view .LVU27
  93              		.loc 1 186 18 is_stmt 0 view .LVU28
  94 0034 264D     		ldr	r5, .L18
  95 0036 EC68     		ldr	r4, [r5, #12]
  96 0038 0443     		orrs	r4, r4, r0
  97 003a EC60     		str	r4, [r5, #12]
  98              	.L7:
 187:../Drivers/STM32F4xx_HAL_Driver/Src/stm32f4xx_hal_exti.c ****     }
ARM GAS  /tmp/ccJv5mjs.s 			page 6


 188:../Drivers/STM32F4xx_HAL_Driver/Src/stm32f4xx_hal_exti.c ****     else
 189:../Drivers/STM32F4xx_HAL_Driver/Src/stm32f4xx_hal_exti.c ****     {
 190:../Drivers/STM32F4xx_HAL_Driver/Src/stm32f4xx_hal_exti.c ****       EXTI->FTSR &= ~maskline;
 191:../Drivers/STM32F4xx_HAL_Driver/Src/stm32f4xx_hal_exti.c ****     }
 192:../Drivers/STM32F4xx_HAL_Driver/Src/stm32f4xx_hal_exti.c **** 
 193:../Drivers/STM32F4xx_HAL_Driver/Src/stm32f4xx_hal_exti.c **** 
 194:../Drivers/STM32F4xx_HAL_Driver/Src/stm32f4xx_hal_exti.c ****     /* Configure gpio port selection in case of gpio exti line */
 195:../Drivers/STM32F4xx_HAL_Driver/Src/stm32f4xx_hal_exti.c ****     if ((pExtiConfig->Line & EXTI_GPIO) == EXTI_GPIO)
  99              		.loc 1 195 5 is_stmt 1 view .LVU29
 100              		.loc 1 195 28 is_stmt 0 view .LVU30
 101 003c 0C68     		ldr	r4, [r1]
 102 003e 04F0C06C 		and	ip, r4, #100663296
 103              		.loc 1 195 8 view .LVU31
 104 0042 BCF1C06F 		cmp	ip, #100663296
 105 0046 1ED0     		beq	.L17
 106              	.LVL4:
 107              	.L3:
 196:../Drivers/STM32F4xx_HAL_Driver/Src/stm32f4xx_hal_exti.c ****     {
 197:../Drivers/STM32F4xx_HAL_Driver/Src/stm32f4xx_hal_exti.c ****       assert_param(IS_EXTI_GPIO_PORT(pExtiConfig->GPIOSel));
 198:../Drivers/STM32F4xx_HAL_Driver/Src/stm32f4xx_hal_exti.c ****       assert_param(IS_EXTI_GPIO_PIN(linepos));
 199:../Drivers/STM32F4xx_HAL_Driver/Src/stm32f4xx_hal_exti.c **** 
 200:../Drivers/STM32F4xx_HAL_Driver/Src/stm32f4xx_hal_exti.c ****       regval = SYSCFG->EXTICR[linepos >> 2u];
 201:../Drivers/STM32F4xx_HAL_Driver/Src/stm32f4xx_hal_exti.c ****       regval &= ~(SYSCFG_EXTICR1_EXTI0 << (SYSCFG_EXTICR1_EXTI1_Pos * (linepos & 0x03u)));
 202:../Drivers/STM32F4xx_HAL_Driver/Src/stm32f4xx_hal_exti.c ****       regval |= (pExtiConfig->GPIOSel << (SYSCFG_EXTICR1_EXTI1_Pos * (linepos & 0x03u)));
 203:../Drivers/STM32F4xx_HAL_Driver/Src/stm32f4xx_hal_exti.c ****       SYSCFG->EXTICR[linepos >> 2u] = regval;
 204:../Drivers/STM32F4xx_HAL_Driver/Src/stm32f4xx_hal_exti.c ****     }
 205:../Drivers/STM32F4xx_HAL_Driver/Src/stm32f4xx_hal_exti.c ****   }
 206:../Drivers/STM32F4xx_HAL_Driver/Src/stm32f4xx_hal_exti.c **** 
 207:../Drivers/STM32F4xx_HAL_Driver/Src/stm32f4xx_hal_exti.c ****   /* Configure interrupt mode : read current mode */
 208:../Drivers/STM32F4xx_HAL_Driver/Src/stm32f4xx_hal_exti.c ****   /* Mask or set line */
 209:../Drivers/STM32F4xx_HAL_Driver/Src/stm32f4xx_hal_exti.c ****   if ((pExtiConfig->Mode & EXTI_MODE_INTERRUPT) != 0x00u)
 108              		.loc 1 209 3 is_stmt 1 view .LVU32
 109              		.loc 1 209 19 is_stmt 0 view .LVU33
 110 0048 4B68     		ldr	r3, [r1, #4]
 111              		.loc 1 209 6 view .LVU34
 112 004a 13F0010F 		tst	r3, #1
 113 004e 2DD0     		beq	.L8
 210:../Drivers/STM32F4xx_HAL_Driver/Src/stm32f4xx_hal_exti.c ****   {
 211:../Drivers/STM32F4xx_HAL_Driver/Src/stm32f4xx_hal_exti.c ****     EXTI->IMR |= maskline;
 114              		.loc 1 211 5 is_stmt 1 view .LVU35
 115              		.loc 1 211 15 is_stmt 0 view .LVU36
 116 0050 1F4A     		ldr	r2, .L18
 117 0052 1368     		ldr	r3, [r2]
 118 0054 0343     		orrs	r3, r3, r0
 119 0056 1360     		str	r3, [r2]
 120              	.L9:
 212:../Drivers/STM32F4xx_HAL_Driver/Src/stm32f4xx_hal_exti.c ****   }
 213:../Drivers/STM32F4xx_HAL_Driver/Src/stm32f4xx_hal_exti.c ****   else
 214:../Drivers/STM32F4xx_HAL_Driver/Src/stm32f4xx_hal_exti.c ****   {
 215:../Drivers/STM32F4xx_HAL_Driver/Src/stm32f4xx_hal_exti.c ****     EXTI->IMR &= ~maskline;
 216:../Drivers/STM32F4xx_HAL_Driver/Src/stm32f4xx_hal_exti.c ****   }
 217:../Drivers/STM32F4xx_HAL_Driver/Src/stm32f4xx_hal_exti.c **** 
 218:../Drivers/STM32F4xx_HAL_Driver/Src/stm32f4xx_hal_exti.c ****   /* Configure event mode : read current mode */
 219:../Drivers/STM32F4xx_HAL_Driver/Src/stm32f4xx_hal_exti.c ****   /* Mask or set line */
 220:../Drivers/STM32F4xx_HAL_Driver/Src/stm32f4xx_hal_exti.c ****   if ((pExtiConfig->Mode & EXTI_MODE_EVENT) != 0x00u)
 121              		.loc 1 220 3 is_stmt 1 view .LVU37
 122              		.loc 1 220 19 is_stmt 0 view .LVU38
ARM GAS  /tmp/ccJv5mjs.s 			page 7


 123 0058 4B68     		ldr	r3, [r1, #4]
 124              		.loc 1 220 6 view .LVU39
 125 005a 13F0020F 		tst	r3, #2
 126 005e 2BD0     		beq	.L10
 221:../Drivers/STM32F4xx_HAL_Driver/Src/stm32f4xx_hal_exti.c ****   {
 222:../Drivers/STM32F4xx_HAL_Driver/Src/stm32f4xx_hal_exti.c ****     EXTI->EMR |= maskline;
 127              		.loc 1 222 5 is_stmt 1 view .LVU40
 128              		.loc 1 222 15 is_stmt 0 view .LVU41
 129 0060 1B4A     		ldr	r2, .L18
 130 0062 5368     		ldr	r3, [r2, #4]
 131 0064 0343     		orrs	r3, r3, r0
 132 0066 5360     		str	r3, [r2, #4]
 223:../Drivers/STM32F4xx_HAL_Driver/Src/stm32f4xx_hal_exti.c ****   }
 224:../Drivers/STM32F4xx_HAL_Driver/Src/stm32f4xx_hal_exti.c ****   else
 225:../Drivers/STM32F4xx_HAL_Driver/Src/stm32f4xx_hal_exti.c ****   {
 226:../Drivers/STM32F4xx_HAL_Driver/Src/stm32f4xx_hal_exti.c ****     EXTI->EMR &= ~maskline;
 227:../Drivers/STM32F4xx_HAL_Driver/Src/stm32f4xx_hal_exti.c ****   }
 228:../Drivers/STM32F4xx_HAL_Driver/Src/stm32f4xx_hal_exti.c **** 
 229:../Drivers/STM32F4xx_HAL_Driver/Src/stm32f4xx_hal_exti.c ****   return HAL_OK;
 133              		.loc 1 229 10 view .LVU42
 134 0068 0020     		movs	r0, #0
 135              	.LVL5:
 136              	.L2:
 230:../Drivers/STM32F4xx_HAL_Driver/Src/stm32f4xx_hal_exti.c **** }
 137              		.loc 1 230 1 view .LVU43
 138 006a 70BC     		pop	{r4, r5, r6}
 139              	.LCFI1:
 140              		.cfi_remember_state
 141              		.cfi_restore 6
 142              		.cfi_restore 5
 143              		.cfi_restore 4
 144              		.cfi_def_cfa_offset 0
 145 006c 7047     		bx	lr
 146              	.LVL6:
 147              	.L4:
 148              	.LCFI2:
 149              		.cfi_restore_state
 179:../Drivers/STM32F4xx_HAL_Driver/Src/stm32f4xx_hal_exti.c ****     }
 150              		.loc 1 179 7 is_stmt 1 view .LVU44
 179:../Drivers/STM32F4xx_HAL_Driver/Src/stm32f4xx_hal_exti.c ****     }
 151              		.loc 1 179 18 is_stmt 0 view .LVU45
 152 006e 184D     		ldr	r5, .L18
 153 0070 AC68     		ldr	r4, [r5, #8]
 154 0072 24EA0004 		bic	r4, r4, r0
 155 0076 AC60     		str	r4, [r5, #8]
 156 0078 D8E7     		b	.L5
 157              	.L6:
 190:../Drivers/STM32F4xx_HAL_Driver/Src/stm32f4xx_hal_exti.c ****     }
 158              		.loc 1 190 7 is_stmt 1 view .LVU46
 190:../Drivers/STM32F4xx_HAL_Driver/Src/stm32f4xx_hal_exti.c ****     }
 159              		.loc 1 190 18 is_stmt 0 view .LVU47
 160 007a 154D     		ldr	r5, .L18
 161 007c EC68     		ldr	r4, [r5, #12]
 162 007e 24EA0004 		bic	r4, r4, r0
 163 0082 EC60     		str	r4, [r5, #12]
 164 0084 DAE7     		b	.L7
 165              	.L17:
ARM GAS  /tmp/ccJv5mjs.s 			page 8


 197:../Drivers/STM32F4xx_HAL_Driver/Src/stm32f4xx_hal_exti.c ****       assert_param(IS_EXTI_GPIO_PIN(linepos));
 166              		.loc 1 197 7 is_stmt 1 view .LVU48
 198:../Drivers/STM32F4xx_HAL_Driver/Src/stm32f4xx_hal_exti.c **** 
 167              		.loc 1 198 7 view .LVU49
 200:../Drivers/STM32F4xx_HAL_Driver/Src/stm32f4xx_hal_exti.c ****       regval &= ~(SYSCFG_EXTICR1_EXTI0 << (SYSCFG_EXTICR1_EXTI1_Pos * (linepos & 0x03u)));
 168              		.loc 1 200 7 view .LVU50
 200:../Drivers/STM32F4xx_HAL_Driver/Src/stm32f4xx_hal_exti.c ****       regval &= ~(SYSCFG_EXTICR1_EXTI0 << (SYSCFG_EXTICR1_EXTI1_Pos * (linepos & 0x03u)));
 169              		.loc 1 200 39 is_stmt 0 view .LVU51
 170 0086 9208     		lsrs	r2, r2, #2
 171              	.LVL7:
 200:../Drivers/STM32F4xx_HAL_Driver/Src/stm32f4xx_hal_exti.c ****       regval &= ~(SYSCFG_EXTICR1_EXTI0 << (SYSCFG_EXTICR1_EXTI1_Pos * (linepos & 0x03u)));
 172              		.loc 1 200 14 view .LVU52
 173 0088 124E     		ldr	r6, .L18+4
 174 008a 0232     		adds	r2, r2, #2
 175 008c 56F82240 		ldr	r4, [r6, r2, lsl #2]
 176              	.LVL8:
 201:../Drivers/STM32F4xx_HAL_Driver/Src/stm32f4xx_hal_exti.c ****       regval |= (pExtiConfig->GPIOSel << (SYSCFG_EXTICR1_EXTI1_Pos * (linepos & 0x03u)));
 177              		.loc 1 201 7 is_stmt 1 view .LVU53
 201:../Drivers/STM32F4xx_HAL_Driver/Src/stm32f4xx_hal_exti.c ****       regval |= (pExtiConfig->GPIOSel << (SYSCFG_EXTICR1_EXTI1_Pos * (linepos & 0x03u)));
 178              		.loc 1 201 80 is_stmt 0 view .LVU54
 179 0090 03F00303 		and	r3, r3, #3
 180              	.LVL9:
 201:../Drivers/STM32F4xx_HAL_Driver/Src/stm32f4xx_hal_exti.c ****       regval |= (pExtiConfig->GPIOSel << (SYSCFG_EXTICR1_EXTI1_Pos * (linepos & 0x03u)));
 181              		.loc 1 201 69 view .LVU55
 182 0094 9B00     		lsls	r3, r3, #2
 201:../Drivers/STM32F4xx_HAL_Driver/Src/stm32f4xx_hal_exti.c ****       regval |= (pExtiConfig->GPIOSel << (SYSCFG_EXTICR1_EXTI1_Pos * (linepos & 0x03u)));
 183              		.loc 1 201 40 view .LVU56
 184 0096 0F25     		movs	r5, #15
 185 0098 9D40     		lsls	r5, r5, r3
 201:../Drivers/STM32F4xx_HAL_Driver/Src/stm32f4xx_hal_exti.c ****       regval |= (pExtiConfig->GPIOSel << (SYSCFG_EXTICR1_EXTI1_Pos * (linepos & 0x03u)));
 186              		.loc 1 201 14 view .LVU57
 187 009a 24EA0504 		bic	r4, r4, r5
 188              	.LVL10:
 202:../Drivers/STM32F4xx_HAL_Driver/Src/stm32f4xx_hal_exti.c ****       SYSCFG->EXTICR[linepos >> 2u] = regval;
 189              		.loc 1 202 7 is_stmt 1 view .LVU58
 202:../Drivers/STM32F4xx_HAL_Driver/Src/stm32f4xx_hal_exti.c ****       SYSCFG->EXTICR[linepos >> 2u] = regval;
 190              		.loc 1 202 39 is_stmt 0 view .LVU59
 191 009e CD68     		ldr	r5, [r1, #12]
 192 00a0 05FA03F3 		lsl	r3, r5, r3
 202:../Drivers/STM32F4xx_HAL_Driver/Src/stm32f4xx_hal_exti.c ****       SYSCFG->EXTICR[linepos >> 2u] = regval;
 193              		.loc 1 202 14 view .LVU60
 194 00a4 2343     		orrs	r3, r3, r4
 195              	.LVL11:
 203:../Drivers/STM32F4xx_HAL_Driver/Src/stm32f4xx_hal_exti.c ****     }
 196              		.loc 1 203 7 is_stmt 1 view .LVU61
 203:../Drivers/STM32F4xx_HAL_Driver/Src/stm32f4xx_hal_exti.c ****     }
 197              		.loc 1 203 37 is_stmt 0 view .LVU62
 198 00a6 46F82230 		str	r3, [r6, r2, lsl #2]
 199 00aa CDE7     		b	.L3
 200              	.LVL12:
 201              	.L8:
 215:../Drivers/STM32F4xx_HAL_Driver/Src/stm32f4xx_hal_exti.c ****   }
 202              		.loc 1 215 5 is_stmt 1 view .LVU63
 215:../Drivers/STM32F4xx_HAL_Driver/Src/stm32f4xx_hal_exti.c ****   }
 203              		.loc 1 215 15 is_stmt 0 view .LVU64
 204 00ac 084A     		ldr	r2, .L18
 205 00ae 1368     		ldr	r3, [r2]
ARM GAS  /tmp/ccJv5mjs.s 			page 9


 206 00b0 23EA0003 		bic	r3, r3, r0
 207 00b4 1360     		str	r3, [r2]
 208 00b6 CFE7     		b	.L9
 209              	.L10:
 226:../Drivers/STM32F4xx_HAL_Driver/Src/stm32f4xx_hal_exti.c ****   }
 210              		.loc 1 226 5 is_stmt 1 view .LVU65
 226:../Drivers/STM32F4xx_HAL_Driver/Src/stm32f4xx_hal_exti.c ****   }
 211              		.loc 1 226 15 is_stmt 0 view .LVU66
 212 00b8 054A     		ldr	r2, .L18
 213 00ba 5368     		ldr	r3, [r2, #4]
 214 00bc 23EA0003 		bic	r3, r3, r0
 215 00c0 5360     		str	r3, [r2, #4]
 229:../Drivers/STM32F4xx_HAL_Driver/Src/stm32f4xx_hal_exti.c **** }
 216              		.loc 1 229 10 view .LVU67
 217 00c2 0020     		movs	r0, #0
 218              	.LVL13:
 229:../Drivers/STM32F4xx_HAL_Driver/Src/stm32f4xx_hal_exti.c **** }
 219              		.loc 1 229 10 view .LVU68
 220 00c4 D1E7     		b	.L2
 221              	.LVL14:
 222              	.L11:
 223              	.LCFI3:
 224              		.cfi_def_cfa_offset 0
 225              		.cfi_restore 4
 226              		.cfi_restore 5
 227              		.cfi_restore 6
 152:../Drivers/STM32F4xx_HAL_Driver/Src/stm32f4xx_hal_exti.c ****   }
 228              		.loc 1 152 12 view .LVU69
 229 00c6 0120     		movs	r0, #1
 230              	.LVL15:
 152:../Drivers/STM32F4xx_HAL_Driver/Src/stm32f4xx_hal_exti.c ****   }
 231              		.loc 1 152 12 view .LVU70
 232 00c8 7047     		bx	lr
 233              	.LVL16:
 234              	.L12:
 152:../Drivers/STM32F4xx_HAL_Driver/Src/stm32f4xx_hal_exti.c ****   }
 235              		.loc 1 152 12 view .LVU71
 236 00ca 0120     		movs	r0, #1
 237              	.LVL17:
 238              		.loc 1 230 1 view .LVU72
 239 00cc 7047     		bx	lr
 240              	.L19:
 241 00ce 00BF     		.align	2
 242              	.L18:
 243 00d0 003C0140 		.word	1073822720
 244 00d4 00380140 		.word	1073821696
 245              		.cfi_endproc
 246              	.LFE130:
 248              		.section	.text.HAL_EXTI_GetConfigLine,"ax",%progbits
 249              		.align	1
 250              		.global	HAL_EXTI_GetConfigLine
 251              		.syntax unified
 252              		.thumb
 253              		.thumb_func
 254              		.fpu fpv4-sp-d16
 256              	HAL_EXTI_GetConfigLine:
 257              	.LVL18:
ARM GAS  /tmp/ccJv5mjs.s 			page 10


 258              	.LFB131:
 231:../Drivers/STM32F4xx_HAL_Driver/Src/stm32f4xx_hal_exti.c **** 
 232:../Drivers/STM32F4xx_HAL_Driver/Src/stm32f4xx_hal_exti.c **** /**
 233:../Drivers/STM32F4xx_HAL_Driver/Src/stm32f4xx_hal_exti.c ****   * @brief  Get configuration of a dedicated Exti line.
 234:../Drivers/STM32F4xx_HAL_Driver/Src/stm32f4xx_hal_exti.c ****   * @param  hexti Exti handle.
 235:../Drivers/STM32F4xx_HAL_Driver/Src/stm32f4xx_hal_exti.c ****   * @param  pExtiConfig Pointer on structure to store Exti configuration.
 236:../Drivers/STM32F4xx_HAL_Driver/Src/stm32f4xx_hal_exti.c ****   * @retval HAL Status.
 237:../Drivers/STM32F4xx_HAL_Driver/Src/stm32f4xx_hal_exti.c ****   */
 238:../Drivers/STM32F4xx_HAL_Driver/Src/stm32f4xx_hal_exti.c **** HAL_StatusTypeDef HAL_EXTI_GetConfigLine(EXTI_HandleTypeDef *hexti, EXTI_ConfigTypeDef *pExtiConfig
 239:../Drivers/STM32F4xx_HAL_Driver/Src/stm32f4xx_hal_exti.c **** {
 259              		.loc 1 239 1 is_stmt 1 view -0
 260              		.cfi_startproc
 261              		@ args = 0, pretend = 0, frame = 0
 262              		@ frame_needed = 0, uses_anonymous_args = 0
 263              		@ link register save eliminated.
 240:../Drivers/STM32F4xx_HAL_Driver/Src/stm32f4xx_hal_exti.c ****   uint32_t regval;
 264              		.loc 1 240 3 view .LVU74
 241:../Drivers/STM32F4xx_HAL_Driver/Src/stm32f4xx_hal_exti.c ****   uint32_t linepos;
 265              		.loc 1 241 3 view .LVU75
 242:../Drivers/STM32F4xx_HAL_Driver/Src/stm32f4xx_hal_exti.c ****   uint32_t maskline;
 266              		.loc 1 242 3 view .LVU76
 243:../Drivers/STM32F4xx_HAL_Driver/Src/stm32f4xx_hal_exti.c **** 
 244:../Drivers/STM32F4xx_HAL_Driver/Src/stm32f4xx_hal_exti.c ****   /* Check null pointer */
 245:../Drivers/STM32F4xx_HAL_Driver/Src/stm32f4xx_hal_exti.c ****   if ((hexti == NULL) || (pExtiConfig == NULL))
 267              		.loc 1 245 3 view .LVU77
 268              		.loc 1 245 6 is_stmt 0 view .LVU78
 269 0000 0028     		cmp	r0, #0
 270 0002 45D0     		beq	.L27
 271              		.loc 1 245 23 discriminator 1 view .LVU79
 272 0004 0029     		cmp	r1, #0
 273 0006 45D0     		beq	.L28
 246:../Drivers/STM32F4xx_HAL_Driver/Src/stm32f4xx_hal_exti.c ****   {
 247:../Drivers/STM32F4xx_HAL_Driver/Src/stm32f4xx_hal_exti.c ****     return HAL_ERROR;
 248:../Drivers/STM32F4xx_HAL_Driver/Src/stm32f4xx_hal_exti.c ****   }
 249:../Drivers/STM32F4xx_HAL_Driver/Src/stm32f4xx_hal_exti.c **** 
 250:../Drivers/STM32F4xx_HAL_Driver/Src/stm32f4xx_hal_exti.c ****   /* Check the parameter */
 251:../Drivers/STM32F4xx_HAL_Driver/Src/stm32f4xx_hal_exti.c ****   assert_param(IS_EXTI_LINE(hexti->Line));
 274              		.loc 1 251 3 is_stmt 1 view .LVU80
 252:../Drivers/STM32F4xx_HAL_Driver/Src/stm32f4xx_hal_exti.c **** 
 253:../Drivers/STM32F4xx_HAL_Driver/Src/stm32f4xx_hal_exti.c ****   /* Store handle line number to configuration structure */
 254:../Drivers/STM32F4xx_HAL_Driver/Src/stm32f4xx_hal_exti.c ****   pExtiConfig->Line = hexti->Line;
 275              		.loc 1 254 3 view .LVU81
 276              		.loc 1 254 28 is_stmt 0 view .LVU82
 277 0008 0068     		ldr	r0, [r0]
 278              	.LVL19:
 279              		.loc 1 254 21 view .LVU83
 280 000a 0860     		str	r0, [r1]
 255:../Drivers/STM32F4xx_HAL_Driver/Src/stm32f4xx_hal_exti.c **** 
 256:../Drivers/STM32F4xx_HAL_Driver/Src/stm32f4xx_hal_exti.c ****   /* Compute line mask */
 257:../Drivers/STM32F4xx_HAL_Driver/Src/stm32f4xx_hal_exti.c ****   linepos = (pExtiConfig->Line & EXTI_PIN_MASK);
 281              		.loc 1 257 3 is_stmt 1 view .LVU84
 282              		.loc 1 257 11 is_stmt 0 view .LVU85
 283 000c 00F01F0C 		and	ip, r0, #31
 284              	.LVL20:
 258:../Drivers/STM32F4xx_HAL_Driver/Src/stm32f4xx_hal_exti.c ****   maskline = (1uL << linepos);
 285              		.loc 1 258 3 is_stmt 1 view .LVU86
 286              		.loc 1 258 12 is_stmt 0 view .LVU87
ARM GAS  /tmp/ccJv5mjs.s 			page 11


 287 0010 0123     		movs	r3, #1
 288 0012 03FA0CF3 		lsl	r3, r3, ip
 289              	.LVL21:
 259:../Drivers/STM32F4xx_HAL_Driver/Src/stm32f4xx_hal_exti.c **** 
 260:../Drivers/STM32F4xx_HAL_Driver/Src/stm32f4xx_hal_exti.c ****   /* 1] Get core mode : interrupt */
 261:../Drivers/STM32F4xx_HAL_Driver/Src/stm32f4xx_hal_exti.c **** 
 262:../Drivers/STM32F4xx_HAL_Driver/Src/stm32f4xx_hal_exti.c ****   /* Check if selected line is enable */
 263:../Drivers/STM32F4xx_HAL_Driver/Src/stm32f4xx_hal_exti.c ****   if ((EXTI->IMR & maskline) != 0x00u)
 290              		.loc 1 263 3 is_stmt 1 view .LVU88
 291              		.loc 1 263 12 is_stmt 0 view .LVU89
 292 0016 214A     		ldr	r2, .L32
 293 0018 1268     		ldr	r2, [r2]
 294              		.loc 1 263 6 view .LVU90
 295 001a 1A42     		tst	r2, r3
 296 001c 24D0     		beq	.L22
 264:../Drivers/STM32F4xx_HAL_Driver/Src/stm32f4xx_hal_exti.c ****   {
 265:../Drivers/STM32F4xx_HAL_Driver/Src/stm32f4xx_hal_exti.c ****     pExtiConfig->Mode = EXTI_MODE_INTERRUPT;
 297              		.loc 1 265 5 is_stmt 1 view .LVU91
 298              		.loc 1 265 23 is_stmt 0 view .LVU92
 299 001e 0122     		movs	r2, #1
 300 0020 4A60     		str	r2, [r1, #4]
 301              	.L23:
 266:../Drivers/STM32F4xx_HAL_Driver/Src/stm32f4xx_hal_exti.c ****   }
 267:../Drivers/STM32F4xx_HAL_Driver/Src/stm32f4xx_hal_exti.c ****   else
 268:../Drivers/STM32F4xx_HAL_Driver/Src/stm32f4xx_hal_exti.c ****   {
 269:../Drivers/STM32F4xx_HAL_Driver/Src/stm32f4xx_hal_exti.c ****     pExtiConfig->Mode = EXTI_MODE_NONE;
 270:../Drivers/STM32F4xx_HAL_Driver/Src/stm32f4xx_hal_exti.c ****   }
 271:../Drivers/STM32F4xx_HAL_Driver/Src/stm32f4xx_hal_exti.c **** 
 272:../Drivers/STM32F4xx_HAL_Driver/Src/stm32f4xx_hal_exti.c ****   /* Get event mode */
 273:../Drivers/STM32F4xx_HAL_Driver/Src/stm32f4xx_hal_exti.c ****   /* Check if selected line is enable */
 274:../Drivers/STM32F4xx_HAL_Driver/Src/stm32f4xx_hal_exti.c ****   if ((EXTI->EMR & maskline) != 0x00u)
 302              		.loc 1 274 3 is_stmt 1 view .LVU93
 303              		.loc 1 274 12 is_stmt 0 view .LVU94
 304 0022 1E4A     		ldr	r2, .L32
 305 0024 5268     		ldr	r2, [r2, #4]
 306              		.loc 1 274 6 view .LVU95
 307 0026 1A42     		tst	r2, r3
 308 0028 03D0     		beq	.L24
 275:../Drivers/STM32F4xx_HAL_Driver/Src/stm32f4xx_hal_exti.c ****   {
 276:../Drivers/STM32F4xx_HAL_Driver/Src/stm32f4xx_hal_exti.c ****     pExtiConfig->Mode |= EXTI_MODE_EVENT;
 309              		.loc 1 276 5 is_stmt 1 view .LVU96
 310              		.loc 1 276 23 is_stmt 0 view .LVU97
 311 002a 4A68     		ldr	r2, [r1, #4]
 312 002c 42F00202 		orr	r2, r2, #2
 313 0030 4A60     		str	r2, [r1, #4]
 314              	.L24:
 277:../Drivers/STM32F4xx_HAL_Driver/Src/stm32f4xx_hal_exti.c ****   }
 278:../Drivers/STM32F4xx_HAL_Driver/Src/stm32f4xx_hal_exti.c **** 
 279:../Drivers/STM32F4xx_HAL_Driver/Src/stm32f4xx_hal_exti.c ****   /* Get default Trigger and GPIOSel configuration */
 280:../Drivers/STM32F4xx_HAL_Driver/Src/stm32f4xx_hal_exti.c ****   pExtiConfig->Trigger = EXTI_TRIGGER_NONE;
 315              		.loc 1 280 3 is_stmt 1 view .LVU98
 316              		.loc 1 280 24 is_stmt 0 view .LVU99
 317 0032 0022     		movs	r2, #0
 318 0034 8A60     		str	r2, [r1, #8]
 281:../Drivers/STM32F4xx_HAL_Driver/Src/stm32f4xx_hal_exti.c ****   pExtiConfig->GPIOSel = 0x00u;
 319              		.loc 1 281 3 is_stmt 1 view .LVU100
 320              		.loc 1 281 24 is_stmt 0 view .LVU101
ARM GAS  /tmp/ccJv5mjs.s 			page 12


 321 0036 CA60     		str	r2, [r1, #12]
 282:../Drivers/STM32F4xx_HAL_Driver/Src/stm32f4xx_hal_exti.c **** 
 283:../Drivers/STM32F4xx_HAL_Driver/Src/stm32f4xx_hal_exti.c ****   /* 2] Get trigger for configurable lines : rising */
 284:../Drivers/STM32F4xx_HAL_Driver/Src/stm32f4xx_hal_exti.c ****   if ((pExtiConfig->Line & EXTI_CONFIG) != 0x00u)
 322              		.loc 1 284 3 is_stmt 1 view .LVU102
 323              		.loc 1 284 6 is_stmt 0 view .LVU103
 324 0038 10F0007F 		tst	r0, #33554432
 325 003c 2CD0     		beq	.L29
 285:../Drivers/STM32F4xx_HAL_Driver/Src/stm32f4xx_hal_exti.c ****   {
 286:../Drivers/STM32F4xx_HAL_Driver/Src/stm32f4xx_hal_exti.c ****     /* Check if configuration of selected line is enable */
 287:../Drivers/STM32F4xx_HAL_Driver/Src/stm32f4xx_hal_exti.c ****     if ((EXTI->RTSR & maskline) != 0x00u)
 326              		.loc 1 287 5 is_stmt 1 view .LVU104
 327              		.loc 1 287 14 is_stmt 0 view .LVU105
 328 003e 174A     		ldr	r2, .L32
 329 0040 9268     		ldr	r2, [r2, #8]
 330              		.loc 1 287 8 view .LVU106
 331 0042 1A42     		tst	r2, r3
 332 0044 01D0     		beq	.L25
 288:../Drivers/STM32F4xx_HAL_Driver/Src/stm32f4xx_hal_exti.c ****     {
 289:../Drivers/STM32F4xx_HAL_Driver/Src/stm32f4xx_hal_exti.c ****       pExtiConfig->Trigger = EXTI_TRIGGER_RISING;
 333              		.loc 1 289 7 is_stmt 1 view .LVU107
 334              		.loc 1 289 28 is_stmt 0 view .LVU108
 335 0046 0122     		movs	r2, #1
 336 0048 8A60     		str	r2, [r1, #8]
 337              	.L25:
 290:../Drivers/STM32F4xx_HAL_Driver/Src/stm32f4xx_hal_exti.c ****     }
 291:../Drivers/STM32F4xx_HAL_Driver/Src/stm32f4xx_hal_exti.c **** 
 292:../Drivers/STM32F4xx_HAL_Driver/Src/stm32f4xx_hal_exti.c ****     /* Get falling configuration */
 293:../Drivers/STM32F4xx_HAL_Driver/Src/stm32f4xx_hal_exti.c ****     /* Check if configuration of selected line is enable */
 294:../Drivers/STM32F4xx_HAL_Driver/Src/stm32f4xx_hal_exti.c ****     if ((EXTI->FTSR & maskline) != 0x00u)
 338              		.loc 1 294 5 is_stmt 1 view .LVU109
 339              		.loc 1 294 14 is_stmt 0 view .LVU110
 340 004a 144A     		ldr	r2, .L32
 341 004c D268     		ldr	r2, [r2, #12]
 342              		.loc 1 294 8 view .LVU111
 343 004e 1A42     		tst	r2, r3
 344 0050 03D0     		beq	.L26
 295:../Drivers/STM32F4xx_HAL_Driver/Src/stm32f4xx_hal_exti.c ****     {
 296:../Drivers/STM32F4xx_HAL_Driver/Src/stm32f4xx_hal_exti.c ****       pExtiConfig->Trigger |= EXTI_TRIGGER_FALLING;
 345              		.loc 1 296 7 is_stmt 1 view .LVU112
 346              		.loc 1 296 28 is_stmt 0 view .LVU113
 347 0052 8B68     		ldr	r3, [r1, #8]
 348              	.LVL22:
 349              		.loc 1 296 28 view .LVU114
 350 0054 43F00203 		orr	r3, r3, #2
 351 0058 8B60     		str	r3, [r1, #8]
 352              	.L26:
 297:../Drivers/STM32F4xx_HAL_Driver/Src/stm32f4xx_hal_exti.c ****     }
 298:../Drivers/STM32F4xx_HAL_Driver/Src/stm32f4xx_hal_exti.c **** 
 299:../Drivers/STM32F4xx_HAL_Driver/Src/stm32f4xx_hal_exti.c ****     /* Get Gpio port selection for gpio lines */
 300:../Drivers/STM32F4xx_HAL_Driver/Src/stm32f4xx_hal_exti.c ****     if ((pExtiConfig->Line & EXTI_GPIO) == EXTI_GPIO)
 353              		.loc 1 300 5 is_stmt 1 view .LVU115
 354              		.loc 1 300 28 is_stmt 0 view .LVU116
 355 005a 00F0C063 		and	r3, r0, #100663296
 356              		.loc 1 300 8 view .LVU117
 357 005e B3F1C06F 		cmp	r3, #100663296
 358 0062 04D0     		beq	.L31
ARM GAS  /tmp/ccJv5mjs.s 			page 13


 301:../Drivers/STM32F4xx_HAL_Driver/Src/stm32f4xx_hal_exti.c ****     {
 302:../Drivers/STM32F4xx_HAL_Driver/Src/stm32f4xx_hal_exti.c ****       assert_param(IS_EXTI_GPIO_PIN(linepos));
 303:../Drivers/STM32F4xx_HAL_Driver/Src/stm32f4xx_hal_exti.c **** 
 304:../Drivers/STM32F4xx_HAL_Driver/Src/stm32f4xx_hal_exti.c ****       regval = SYSCFG->EXTICR[linepos >> 2u];
 305:../Drivers/STM32F4xx_HAL_Driver/Src/stm32f4xx_hal_exti.c ****       pExtiConfig->GPIOSel = ((regval << (SYSCFG_EXTICR1_EXTI1_Pos * (3uL - (linepos & 0x03u)))) >>
 306:../Drivers/STM32F4xx_HAL_Driver/Src/stm32f4xx_hal_exti.c ****     }
 307:../Drivers/STM32F4xx_HAL_Driver/Src/stm32f4xx_hal_exti.c ****   }
 308:../Drivers/STM32F4xx_HAL_Driver/Src/stm32f4xx_hal_exti.c **** 
 309:../Drivers/STM32F4xx_HAL_Driver/Src/stm32f4xx_hal_exti.c ****   return HAL_OK;
 359              		.loc 1 309 10 view .LVU118
 360 0064 0020     		movs	r0, #0
 310:../Drivers/STM32F4xx_HAL_Driver/Src/stm32f4xx_hal_exti.c **** }
 361              		.loc 1 310 1 view .LVU119
 362 0066 7047     		bx	lr
 363              	.LVL23:
 364              	.L22:
 269:../Drivers/STM32F4xx_HAL_Driver/Src/stm32f4xx_hal_exti.c ****   }
 365              		.loc 1 269 5 is_stmt 1 view .LVU120
 269:../Drivers/STM32F4xx_HAL_Driver/Src/stm32f4xx_hal_exti.c ****   }
 366              		.loc 1 269 23 is_stmt 0 view .LVU121
 367 0068 0022     		movs	r2, #0
 368 006a 4A60     		str	r2, [r1, #4]
 369 006c D9E7     		b	.L23
 370              	.LVL24:
 371              	.L31:
 302:../Drivers/STM32F4xx_HAL_Driver/Src/stm32f4xx_hal_exti.c **** 
 372              		.loc 1 302 7 is_stmt 1 view .LVU122
 304:../Drivers/STM32F4xx_HAL_Driver/Src/stm32f4xx_hal_exti.c ****       pExtiConfig->GPIOSel = ((regval << (SYSCFG_EXTICR1_EXTI1_Pos * (3uL - (linepos & 0x03u)))) >>
 373              		.loc 1 304 7 view .LVU123
 304:../Drivers/STM32F4xx_HAL_Driver/Src/stm32f4xx_hal_exti.c ****       pExtiConfig->GPIOSel = ((regval << (SYSCFG_EXTICR1_EXTI1_Pos * (3uL - (linepos & 0x03u)))) >>
 374              		.loc 1 304 39 is_stmt 0 view .LVU124
 375 006e 4FEA9C03 		lsr	r3, ip, #2
 304:../Drivers/STM32F4xx_HAL_Driver/Src/stm32f4xx_hal_exti.c ****       pExtiConfig->GPIOSel = ((regval << (SYSCFG_EXTICR1_EXTI1_Pos * (3uL - (linepos & 0x03u)))) >>
 376              		.loc 1 304 14 view .LVU125
 377 0072 0233     		adds	r3, r3, #2
 378 0074 0A4A     		ldr	r2, .L32+4
 379 0076 52F82320 		ldr	r2, [r2, r3, lsl #2]
 380              	.LVL25:
 305:../Drivers/STM32F4xx_HAL_Driver/Src/stm32f4xx_hal_exti.c ****     }
 381              		.loc 1 305 7 is_stmt 1 view .LVU126
 305:../Drivers/STM32F4xx_HAL_Driver/Src/stm32f4xx_hal_exti.c ****     }
 382              		.loc 1 305 75 is_stmt 0 view .LVU127
 383 007a 6FEA0C03 		mvn	r3, ip
 384 007e 03F00303 		and	r3, r3, #3
 305:../Drivers/STM32F4xx_HAL_Driver/Src/stm32f4xx_hal_exti.c ****     }
 385              		.loc 1 305 68 view .LVU128
 386 0082 9B00     		lsls	r3, r3, #2
 305:../Drivers/STM32F4xx_HAL_Driver/Src/stm32f4xx_hal_exti.c ****     }
 387              		.loc 1 305 39 view .LVU129
 388 0084 02FA03F3 		lsl	r3, r2, r3
 305:../Drivers/STM32F4xx_HAL_Driver/Src/stm32f4xx_hal_exti.c ****     }
 389              		.loc 1 305 98 view .LVU130
 390 0088 1B0E     		lsrs	r3, r3, #24
 305:../Drivers/STM32F4xx_HAL_Driver/Src/stm32f4xx_hal_exti.c ****     }
 391              		.loc 1 305 28 view .LVU131
 392 008a CB60     		str	r3, [r1, #12]
 309:../Drivers/STM32F4xx_HAL_Driver/Src/stm32f4xx_hal_exti.c **** }
ARM GAS  /tmp/ccJv5mjs.s 			page 14


 393              		.loc 1 309 10 view .LVU132
 394 008c 0020     		movs	r0, #0
 395 008e 7047     		bx	lr
 396              	.LVL26:
 397              	.L27:
 247:../Drivers/STM32F4xx_HAL_Driver/Src/stm32f4xx_hal_exti.c ****   }
 398              		.loc 1 247 12 view .LVU133
 399 0090 0120     		movs	r0, #1
 400              	.LVL27:
 247:../Drivers/STM32F4xx_HAL_Driver/Src/stm32f4xx_hal_exti.c ****   }
 401              		.loc 1 247 12 view .LVU134
 402 0092 7047     		bx	lr
 403              	.LVL28:
 404              	.L28:
 247:../Drivers/STM32F4xx_HAL_Driver/Src/stm32f4xx_hal_exti.c ****   }
 405              		.loc 1 247 12 view .LVU135
 406 0094 0120     		movs	r0, #1
 407              	.LVL29:
 247:../Drivers/STM32F4xx_HAL_Driver/Src/stm32f4xx_hal_exti.c ****   }
 408              		.loc 1 247 12 view .LVU136
 409 0096 7047     		bx	lr
 410              	.LVL30:
 411              	.L29:
 309:../Drivers/STM32F4xx_HAL_Driver/Src/stm32f4xx_hal_exti.c **** }
 412              		.loc 1 309 10 view .LVU137
 413 0098 0020     		movs	r0, #0
 414 009a 7047     		bx	lr
 415              	.L33:
 416              		.align	2
 417              	.L32:
 418 009c 003C0140 		.word	1073822720
 419 00a0 00380140 		.word	1073821696
 420              		.cfi_endproc
 421              	.LFE131:
 423              		.section	.text.HAL_EXTI_ClearConfigLine,"ax",%progbits
 424              		.align	1
 425              		.global	HAL_EXTI_ClearConfigLine
 426              		.syntax unified
 427              		.thumb
 428              		.thumb_func
 429              		.fpu fpv4-sp-d16
 431              	HAL_EXTI_ClearConfigLine:
 432              	.LVL31:
 433              	.LFB132:
 311:../Drivers/STM32F4xx_HAL_Driver/Src/stm32f4xx_hal_exti.c **** 
 312:../Drivers/STM32F4xx_HAL_Driver/Src/stm32f4xx_hal_exti.c **** /**
 313:../Drivers/STM32F4xx_HAL_Driver/Src/stm32f4xx_hal_exti.c ****   * @brief  Clear whole configuration of a dedicated Exti line.
 314:../Drivers/STM32F4xx_HAL_Driver/Src/stm32f4xx_hal_exti.c ****   * @param  hexti Exti handle.
 315:../Drivers/STM32F4xx_HAL_Driver/Src/stm32f4xx_hal_exti.c ****   * @retval HAL Status.
 316:../Drivers/STM32F4xx_HAL_Driver/Src/stm32f4xx_hal_exti.c ****   */
 317:../Drivers/STM32F4xx_HAL_Driver/Src/stm32f4xx_hal_exti.c **** HAL_StatusTypeDef HAL_EXTI_ClearConfigLine(EXTI_HandleTypeDef *hexti)
 318:../Drivers/STM32F4xx_HAL_Driver/Src/stm32f4xx_hal_exti.c **** {
 434              		.loc 1 318 1 is_stmt 1 view -0
 435              		.cfi_startproc
 436              		@ args = 0, pretend = 0, frame = 0
 437              		@ frame_needed = 0, uses_anonymous_args = 0
 319:../Drivers/STM32F4xx_HAL_Driver/Src/stm32f4xx_hal_exti.c ****   uint32_t regval;
ARM GAS  /tmp/ccJv5mjs.s 			page 15


 438              		.loc 1 319 3 view .LVU139
 320:../Drivers/STM32F4xx_HAL_Driver/Src/stm32f4xx_hal_exti.c ****   uint32_t linepos;
 439              		.loc 1 320 3 view .LVU140
 321:../Drivers/STM32F4xx_HAL_Driver/Src/stm32f4xx_hal_exti.c ****   uint32_t maskline;
 440              		.loc 1 321 3 view .LVU141
 322:../Drivers/STM32F4xx_HAL_Driver/Src/stm32f4xx_hal_exti.c **** 
 323:../Drivers/STM32F4xx_HAL_Driver/Src/stm32f4xx_hal_exti.c ****   /* Check null pointer */
 324:../Drivers/STM32F4xx_HAL_Driver/Src/stm32f4xx_hal_exti.c ****   if (hexti == NULL)
 441              		.loc 1 324 3 view .LVU142
 442              		.loc 1 324 6 is_stmt 0 view .LVU143
 443 0000 0028     		cmp	r0, #0
 444 0002 37D0     		beq	.L36
 318:../Drivers/STM32F4xx_HAL_Driver/Src/stm32f4xx_hal_exti.c ****   uint32_t regval;
 445              		.loc 1 318 1 view .LVU144
 446 0004 10B5     		push	{r4, lr}
 447              	.LCFI4:
 448              		.cfi_def_cfa_offset 8
 449              		.cfi_offset 4, -8
 450              		.cfi_offset 14, -4
 451 0006 8446     		mov	ip, r0
 325:../Drivers/STM32F4xx_HAL_Driver/Src/stm32f4xx_hal_exti.c ****   {
 326:../Drivers/STM32F4xx_HAL_Driver/Src/stm32f4xx_hal_exti.c ****     return HAL_ERROR;
 327:../Drivers/STM32F4xx_HAL_Driver/Src/stm32f4xx_hal_exti.c ****   }
 328:../Drivers/STM32F4xx_HAL_Driver/Src/stm32f4xx_hal_exti.c **** 
 329:../Drivers/STM32F4xx_HAL_Driver/Src/stm32f4xx_hal_exti.c ****   /* Check the parameter */
 330:../Drivers/STM32F4xx_HAL_Driver/Src/stm32f4xx_hal_exti.c ****   assert_param(IS_EXTI_LINE(hexti->Line));
 452              		.loc 1 330 3 is_stmt 1 view .LVU145
 331:../Drivers/STM32F4xx_HAL_Driver/Src/stm32f4xx_hal_exti.c **** 
 332:../Drivers/STM32F4xx_HAL_Driver/Src/stm32f4xx_hal_exti.c ****   /* compute line mask */
 333:../Drivers/STM32F4xx_HAL_Driver/Src/stm32f4xx_hal_exti.c ****   linepos = (hexti->Line & EXTI_PIN_MASK);
 453              		.loc 1 333 3 view .LVU146
 454              		.loc 1 333 19 is_stmt 0 view .LVU147
 455 0008 0468     		ldr	r4, [r0]
 456              		.loc 1 333 11 view .LVU148
 457 000a 04F01F00 		and	r0, r4, #31
 458              	.LVL32:
 334:../Drivers/STM32F4xx_HAL_Driver/Src/stm32f4xx_hal_exti.c ****   maskline = (1uL << linepos);
 459              		.loc 1 334 3 is_stmt 1 view .LVU149
 460              		.loc 1 334 12 is_stmt 0 view .LVU150
 461 000e 0123     		movs	r3, #1
 462 0010 8340     		lsls	r3, r3, r0
 463              	.LVL33:
 335:../Drivers/STM32F4xx_HAL_Driver/Src/stm32f4xx_hal_exti.c **** 
 336:../Drivers/STM32F4xx_HAL_Driver/Src/stm32f4xx_hal_exti.c ****   /* 1] Clear interrupt mode */
 337:../Drivers/STM32F4xx_HAL_Driver/Src/stm32f4xx_hal_exti.c ****   EXTI->IMR = (EXTI->IMR & ~maskline);
 464              		.loc 1 337 3 is_stmt 1 view .LVU151
 465              		.loc 1 337 20 is_stmt 0 view .LVU152
 466 0012 1A4A     		ldr	r2, .L44
 467 0014 1168     		ldr	r1, [r2]
 468              		.loc 1 337 28 view .LVU153
 469 0016 6FEA030E 		mvn	lr, r3
 470              		.loc 1 337 26 view .LVU154
 471 001a 21EA0301 		bic	r1, r1, r3
 472              		.loc 1 337 13 view .LVU155
 473 001e 1160     		str	r1, [r2]
 338:../Drivers/STM32F4xx_HAL_Driver/Src/stm32f4xx_hal_exti.c **** 
 339:../Drivers/STM32F4xx_HAL_Driver/Src/stm32f4xx_hal_exti.c ****   /* 2] Clear event mode */
ARM GAS  /tmp/ccJv5mjs.s 			page 16


 340:../Drivers/STM32F4xx_HAL_Driver/Src/stm32f4xx_hal_exti.c ****   EXTI->EMR = (EXTI->EMR & ~maskline);
 474              		.loc 1 340 3 is_stmt 1 view .LVU156
 475              		.loc 1 340 20 is_stmt 0 view .LVU157
 476 0020 5168     		ldr	r1, [r2, #4]
 477              		.loc 1 340 26 view .LVU158
 478 0022 21EA0303 		bic	r3, r1, r3
 479              	.LVL34:
 480              		.loc 1 340 13 view .LVU159
 481 0026 5360     		str	r3, [r2, #4]
 341:../Drivers/STM32F4xx_HAL_Driver/Src/stm32f4xx_hal_exti.c **** 
 342:../Drivers/STM32F4xx_HAL_Driver/Src/stm32f4xx_hal_exti.c ****   /* 3] Clear triggers in case of configurable lines */
 343:../Drivers/STM32F4xx_HAL_Driver/Src/stm32f4xx_hal_exti.c ****   if ((hexti->Line & EXTI_CONFIG) != 0x00u)
 482              		.loc 1 343 3 is_stmt 1 view .LVU160
 483              		.loc 1 343 13 is_stmt 0 view .LVU161
 484 0028 DCF80030 		ldr	r3, [ip]
 485              		.loc 1 343 6 view .LVU162
 486 002c 13F0007F 		tst	r3, #33554432
 487 0030 22D0     		beq	.L37
 344:../Drivers/STM32F4xx_HAL_Driver/Src/stm32f4xx_hal_exti.c ****   {
 345:../Drivers/STM32F4xx_HAL_Driver/Src/stm32f4xx_hal_exti.c ****     EXTI->RTSR = (EXTI->RTSR & ~maskline);
 488              		.loc 1 345 5 is_stmt 1 view .LVU163
 489              		.loc 1 345 23 is_stmt 0 view .LVU164
 490 0032 9368     		ldr	r3, [r2, #8]
 491              		.loc 1 345 30 view .LVU165
 492 0034 0EEA0303 		and	r3, lr, r3
 493              		.loc 1 345 16 view .LVU166
 494 0038 9360     		str	r3, [r2, #8]
 346:../Drivers/STM32F4xx_HAL_Driver/Src/stm32f4xx_hal_exti.c ****     EXTI->FTSR = (EXTI->FTSR & ~maskline);
 495              		.loc 1 346 5 is_stmt 1 view .LVU167
 496              		.loc 1 346 23 is_stmt 0 view .LVU168
 497 003a D368     		ldr	r3, [r2, #12]
 498              		.loc 1 346 30 view .LVU169
 499 003c 0EEA0303 		and	r3, lr, r3
 500              		.loc 1 346 16 view .LVU170
 501 0040 D360     		str	r3, [r2, #12]
 347:../Drivers/STM32F4xx_HAL_Driver/Src/stm32f4xx_hal_exti.c **** 
 348:../Drivers/STM32F4xx_HAL_Driver/Src/stm32f4xx_hal_exti.c ****     /* Get Gpio port selection for gpio lines */
 349:../Drivers/STM32F4xx_HAL_Driver/Src/stm32f4xx_hal_exti.c ****     if ((hexti->Line & EXTI_GPIO) == EXTI_GPIO)
 502              		.loc 1 349 5 is_stmt 1 view .LVU171
 503              		.loc 1 349 15 is_stmt 0 view .LVU172
 504 0042 DCF80030 		ldr	r3, [ip]
 505              		.loc 1 349 22 view .LVU173
 506 0046 03F0C063 		and	r3, r3, #100663296
 507              		.loc 1 349 8 view .LVU174
 508 004a B3F1C06F 		cmp	r3, #100663296
 509 004e 01D0     		beq	.L43
 350:../Drivers/STM32F4xx_HAL_Driver/Src/stm32f4xx_hal_exti.c ****     {
 351:../Drivers/STM32F4xx_HAL_Driver/Src/stm32f4xx_hal_exti.c ****       assert_param(IS_EXTI_GPIO_PIN(linepos));
 352:../Drivers/STM32F4xx_HAL_Driver/Src/stm32f4xx_hal_exti.c **** 
 353:../Drivers/STM32F4xx_HAL_Driver/Src/stm32f4xx_hal_exti.c ****       regval = SYSCFG->EXTICR[linepos >> 2u];
 354:../Drivers/STM32F4xx_HAL_Driver/Src/stm32f4xx_hal_exti.c ****       regval &= ~(SYSCFG_EXTICR1_EXTI0 << (SYSCFG_EXTICR1_EXTI1_Pos * (linepos & 0x03u)));
 355:../Drivers/STM32F4xx_HAL_Driver/Src/stm32f4xx_hal_exti.c ****       SYSCFG->EXTICR[linepos >> 2u] = regval;
 356:../Drivers/STM32F4xx_HAL_Driver/Src/stm32f4xx_hal_exti.c ****     }
 357:../Drivers/STM32F4xx_HAL_Driver/Src/stm32f4xx_hal_exti.c ****   }
 358:../Drivers/STM32F4xx_HAL_Driver/Src/stm32f4xx_hal_exti.c **** 
 359:../Drivers/STM32F4xx_HAL_Driver/Src/stm32f4xx_hal_exti.c ****   return HAL_OK;
 510              		.loc 1 359 10 view .LVU175
ARM GAS  /tmp/ccJv5mjs.s 			page 17


 511 0050 0020     		movs	r0, #0
 512              	.LVL35:
 513              		.loc 1 359 10 view .LVU176
 514 0052 12E0     		b	.L35
 515              	.LVL36:
 516              	.L43:
 351:../Drivers/STM32F4xx_HAL_Driver/Src/stm32f4xx_hal_exti.c **** 
 517              		.loc 1 351 7 is_stmt 1 view .LVU177
 353:../Drivers/STM32F4xx_HAL_Driver/Src/stm32f4xx_hal_exti.c ****       regval &= ~(SYSCFG_EXTICR1_EXTI0 << (SYSCFG_EXTICR1_EXTI1_Pos * (linepos & 0x03u)));
 518              		.loc 1 353 7 view .LVU178
 353:../Drivers/STM32F4xx_HAL_Driver/Src/stm32f4xx_hal_exti.c ****       regval &= ~(SYSCFG_EXTICR1_EXTI0 << (SYSCFG_EXTICR1_EXTI1_Pos * (linepos & 0x03u)));
 519              		.loc 1 353 39 is_stmt 0 view .LVU179
 520 0054 8008     		lsrs	r0, r0, #2
 521              	.LVL37:
 353:../Drivers/STM32F4xx_HAL_Driver/Src/stm32f4xx_hal_exti.c ****       regval &= ~(SYSCFG_EXTICR1_EXTI0 << (SYSCFG_EXTICR1_EXTI1_Pos * (linepos & 0x03u)));
 522              		.loc 1 353 14 view .LVU180
 523 0056 0A49     		ldr	r1, .L44+4
 524 0058 0230     		adds	r0, r0, #2
 525 005a 51F82030 		ldr	r3, [r1, r0, lsl #2]
 526              	.LVL38:
 354:../Drivers/STM32F4xx_HAL_Driver/Src/stm32f4xx_hal_exti.c ****       SYSCFG->EXTICR[linepos >> 2u] = regval;
 527              		.loc 1 354 7 is_stmt 1 view .LVU181
 354:../Drivers/STM32F4xx_HAL_Driver/Src/stm32f4xx_hal_exti.c ****       SYSCFG->EXTICR[linepos >> 2u] = regval;
 528              		.loc 1 354 80 is_stmt 0 view .LVU182
 529 005e 04F00304 		and	r4, r4, #3
 530              	.LVL39:
 354:../Drivers/STM32F4xx_HAL_Driver/Src/stm32f4xx_hal_exti.c ****       SYSCFG->EXTICR[linepos >> 2u] = regval;
 531              		.loc 1 354 69 view .LVU183
 532 0062 A400     		lsls	r4, r4, #2
 354:../Drivers/STM32F4xx_HAL_Driver/Src/stm32f4xx_hal_exti.c ****       SYSCFG->EXTICR[linepos >> 2u] = regval;
 533              		.loc 1 354 40 view .LVU184
 534 0064 0F22     		movs	r2, #15
 535 0066 A240     		lsls	r2, r2, r4
 354:../Drivers/STM32F4xx_HAL_Driver/Src/stm32f4xx_hal_exti.c ****       SYSCFG->EXTICR[linepos >> 2u] = regval;
 536              		.loc 1 354 14 view .LVU185
 537 0068 23EA0203 		bic	r3, r3, r2
 538              	.LVL40:
 355:../Drivers/STM32F4xx_HAL_Driver/Src/stm32f4xx_hal_exti.c ****     }
 539              		.loc 1 355 7 is_stmt 1 view .LVU186
 355:../Drivers/STM32F4xx_HAL_Driver/Src/stm32f4xx_hal_exti.c ****     }
 540              		.loc 1 355 37 is_stmt 0 view .LVU187
 541 006c 41F82030 		str	r3, [r1, r0, lsl #2]
 542              		.loc 1 359 10 view .LVU188
 543 0070 0020     		movs	r0, #0
 544 0072 02E0     		b	.L35
 545              	.LVL41:
 546              	.L36:
 547              	.LCFI5:
 548              		.cfi_def_cfa_offset 0
 549              		.cfi_restore 4
 550              		.cfi_restore 14
 326:../Drivers/STM32F4xx_HAL_Driver/Src/stm32f4xx_hal_exti.c ****   }
 551              		.loc 1 326 12 view .LVU189
 552 0074 0120     		movs	r0, #1
 553              	.LVL42:
 360:../Drivers/STM32F4xx_HAL_Driver/Src/stm32f4xx_hal_exti.c **** }
 554              		.loc 1 360 1 view .LVU190
ARM GAS  /tmp/ccJv5mjs.s 			page 18


 555 0076 7047     		bx	lr
 556              	.LVL43:
 557              	.L37:
 558              	.LCFI6:
 559              		.cfi_def_cfa_offset 8
 560              		.cfi_offset 4, -8
 561              		.cfi_offset 14, -4
 359:../Drivers/STM32F4xx_HAL_Driver/Src/stm32f4xx_hal_exti.c **** }
 562              		.loc 1 359 10 view .LVU191
 563 0078 0020     		movs	r0, #0
 564              	.LVL44:
 565              	.L35:
 566              		.loc 1 360 1 view .LVU192
 567 007a 10BD     		pop	{r4, pc}
 568              	.L45:
 569              		.align	2
 570              	.L44:
 571 007c 003C0140 		.word	1073822720
 572 0080 00380140 		.word	1073821696
 573              		.cfi_endproc
 574              	.LFE132:
 576              		.section	.text.HAL_EXTI_RegisterCallback,"ax",%progbits
 577              		.align	1
 578              		.global	HAL_EXTI_RegisterCallback
 579              		.syntax unified
 580              		.thumb
 581              		.thumb_func
 582              		.fpu fpv4-sp-d16
 584              	HAL_EXTI_RegisterCallback:
 585              	.LVL45:
 586              	.LFB133:
 361:../Drivers/STM32F4xx_HAL_Driver/Src/stm32f4xx_hal_exti.c **** 
 362:../Drivers/STM32F4xx_HAL_Driver/Src/stm32f4xx_hal_exti.c **** /**
 363:../Drivers/STM32F4xx_HAL_Driver/Src/stm32f4xx_hal_exti.c ****   * @brief  Register callback for a dedicated Exti line.
 364:../Drivers/STM32F4xx_HAL_Driver/Src/stm32f4xx_hal_exti.c ****   * @param  hexti Exti handle.
 365:../Drivers/STM32F4xx_HAL_Driver/Src/stm32f4xx_hal_exti.c ****   * @param  CallbackID User callback identifier.
 366:../Drivers/STM32F4xx_HAL_Driver/Src/stm32f4xx_hal_exti.c ****   *         This parameter can be one of @arg @ref EXTI_CallbackIDTypeDef values.
 367:../Drivers/STM32F4xx_HAL_Driver/Src/stm32f4xx_hal_exti.c ****   * @param  pPendingCbfn function pointer to be stored as callback.
 368:../Drivers/STM32F4xx_HAL_Driver/Src/stm32f4xx_hal_exti.c ****   * @retval HAL Status.
 369:../Drivers/STM32F4xx_HAL_Driver/Src/stm32f4xx_hal_exti.c ****   */
 370:../Drivers/STM32F4xx_HAL_Driver/Src/stm32f4xx_hal_exti.c **** HAL_StatusTypeDef HAL_EXTI_RegisterCallback(EXTI_HandleTypeDef *hexti, EXTI_CallbackIDTypeDef Callb
 371:../Drivers/STM32F4xx_HAL_Driver/Src/stm32f4xx_hal_exti.c **** {
 587              		.loc 1 371 1 is_stmt 1 view -0
 588              		.cfi_startproc
 589              		@ args = 0, pretend = 0, frame = 0
 590              		@ frame_needed = 0, uses_anonymous_args = 0
 591              		@ link register save eliminated.
 592              		.loc 1 371 1 is_stmt 0 view .LVU194
 593 0000 0346     		mov	r3, r0
 372:../Drivers/STM32F4xx_HAL_Driver/Src/stm32f4xx_hal_exti.c ****   HAL_StatusTypeDef status = HAL_OK;
 594              		.loc 1 372 3 is_stmt 1 view .LVU195
 595              	.LVL46:
 373:../Drivers/STM32F4xx_HAL_Driver/Src/stm32f4xx_hal_exti.c **** 
 374:../Drivers/STM32F4xx_HAL_Driver/Src/stm32f4xx_hal_exti.c ****   switch (CallbackID)
 596              		.loc 1 374 3 view .LVU196
 597 0002 0846     		mov	r0, r1
 598              	.LVL47:
ARM GAS  /tmp/ccJv5mjs.s 			page 19


 599              		.loc 1 374 3 is_stmt 0 view .LVU197
 600 0004 09B9     		cbnz	r1, .L48
 375:../Drivers/STM32F4xx_HAL_Driver/Src/stm32f4xx_hal_exti.c ****   {
 376:../Drivers/STM32F4xx_HAL_Driver/Src/stm32f4xx_hal_exti.c ****     case  HAL_EXTI_COMMON_CB_ID:
 377:../Drivers/STM32F4xx_HAL_Driver/Src/stm32f4xx_hal_exti.c ****       hexti->PendingCallback = pPendingCbfn;
 601              		.loc 1 377 7 is_stmt 1 view .LVU198
 602              		.loc 1 377 30 is_stmt 0 view .LVU199
 603 0006 5A60     		str	r2, [r3, #4]
 378:../Drivers/STM32F4xx_HAL_Driver/Src/stm32f4xx_hal_exti.c ****       break;
 604              		.loc 1 378 7 is_stmt 1 view .LVU200
 605 0008 7047     		bx	lr
 606              	.L48:
 379:../Drivers/STM32F4xx_HAL_Driver/Src/stm32f4xx_hal_exti.c **** 
 380:../Drivers/STM32F4xx_HAL_Driver/Src/stm32f4xx_hal_exti.c ****     default:
 381:../Drivers/STM32F4xx_HAL_Driver/Src/stm32f4xx_hal_exti.c ****       status = HAL_ERROR;
 607              		.loc 1 381 14 is_stmt 0 view .LVU201
 608 000a 0120     		movs	r0, #1
 609              	.LVL48:
 382:../Drivers/STM32F4xx_HAL_Driver/Src/stm32f4xx_hal_exti.c ****       break;
 383:../Drivers/STM32F4xx_HAL_Driver/Src/stm32f4xx_hal_exti.c ****   }
 384:../Drivers/STM32F4xx_HAL_Driver/Src/stm32f4xx_hal_exti.c **** 
 385:../Drivers/STM32F4xx_HAL_Driver/Src/stm32f4xx_hal_exti.c ****   return status;
 610              		.loc 1 385 3 is_stmt 1 view .LVU202
 386:../Drivers/STM32F4xx_HAL_Driver/Src/stm32f4xx_hal_exti.c **** }
 611              		.loc 1 386 1 is_stmt 0 view .LVU203
 612 000c 7047     		bx	lr
 613              		.cfi_endproc
 614              	.LFE133:
 616              		.section	.text.HAL_EXTI_GetHandle,"ax",%progbits
 617              		.align	1
 618              		.global	HAL_EXTI_GetHandle
 619              		.syntax unified
 620              		.thumb
 621              		.thumb_func
 622              		.fpu fpv4-sp-d16
 624              	HAL_EXTI_GetHandle:
 625              	.LVL49:
 626              	.LFB134:
 387:../Drivers/STM32F4xx_HAL_Driver/Src/stm32f4xx_hal_exti.c **** 
 388:../Drivers/STM32F4xx_HAL_Driver/Src/stm32f4xx_hal_exti.c **** /**
 389:../Drivers/STM32F4xx_HAL_Driver/Src/stm32f4xx_hal_exti.c ****   * @brief  Store line number as handle private field.
 390:../Drivers/STM32F4xx_HAL_Driver/Src/stm32f4xx_hal_exti.c ****   * @param  hexti Exti handle.
 391:../Drivers/STM32F4xx_HAL_Driver/Src/stm32f4xx_hal_exti.c ****   * @param  ExtiLine Exti line number.
 392:../Drivers/STM32F4xx_HAL_Driver/Src/stm32f4xx_hal_exti.c ****   *         This parameter can be from 0 to @ref EXTI_LINE_NB.
 393:../Drivers/STM32F4xx_HAL_Driver/Src/stm32f4xx_hal_exti.c ****   * @retval HAL Status.
 394:../Drivers/STM32F4xx_HAL_Driver/Src/stm32f4xx_hal_exti.c ****   */
 395:../Drivers/STM32F4xx_HAL_Driver/Src/stm32f4xx_hal_exti.c **** HAL_StatusTypeDef HAL_EXTI_GetHandle(EXTI_HandleTypeDef *hexti, uint32_t ExtiLine)
 396:../Drivers/STM32F4xx_HAL_Driver/Src/stm32f4xx_hal_exti.c **** {
 627              		.loc 1 396 1 is_stmt 1 view -0
 628              		.cfi_startproc
 629              		@ args = 0, pretend = 0, frame = 0
 630              		@ frame_needed = 0, uses_anonymous_args = 0
 631              		@ link register save eliminated.
 397:../Drivers/STM32F4xx_HAL_Driver/Src/stm32f4xx_hal_exti.c ****   /* Check the parameters */
 398:../Drivers/STM32F4xx_HAL_Driver/Src/stm32f4xx_hal_exti.c ****   assert_param(IS_EXTI_LINE(ExtiLine));
 632              		.loc 1 398 3 view .LVU205
 399:../Drivers/STM32F4xx_HAL_Driver/Src/stm32f4xx_hal_exti.c **** 
ARM GAS  /tmp/ccJv5mjs.s 			page 20


 400:../Drivers/STM32F4xx_HAL_Driver/Src/stm32f4xx_hal_exti.c ****   /* Check null pointer */
 401:../Drivers/STM32F4xx_HAL_Driver/Src/stm32f4xx_hal_exti.c ****   if (hexti == NULL)
 633              		.loc 1 401 3 view .LVU206
 634              		.loc 1 401 6 is_stmt 0 view .LVU207
 635 0000 10B1     		cbz	r0, .L51
 402:../Drivers/STM32F4xx_HAL_Driver/Src/stm32f4xx_hal_exti.c ****   {
 403:../Drivers/STM32F4xx_HAL_Driver/Src/stm32f4xx_hal_exti.c ****     return HAL_ERROR;
 404:../Drivers/STM32F4xx_HAL_Driver/Src/stm32f4xx_hal_exti.c ****   }
 405:../Drivers/STM32F4xx_HAL_Driver/Src/stm32f4xx_hal_exti.c ****   else
 406:../Drivers/STM32F4xx_HAL_Driver/Src/stm32f4xx_hal_exti.c ****   {
 407:../Drivers/STM32F4xx_HAL_Driver/Src/stm32f4xx_hal_exti.c ****     /* Store line number as handle private field */
 408:../Drivers/STM32F4xx_HAL_Driver/Src/stm32f4xx_hal_exti.c ****     hexti->Line = ExtiLine;
 636              		.loc 1 408 5 is_stmt 1 view .LVU208
 637              		.loc 1 408 17 is_stmt 0 view .LVU209
 638 0002 0160     		str	r1, [r0]
 409:../Drivers/STM32F4xx_HAL_Driver/Src/stm32f4xx_hal_exti.c **** 
 410:../Drivers/STM32F4xx_HAL_Driver/Src/stm32f4xx_hal_exti.c ****     return HAL_OK;
 639              		.loc 1 410 5 is_stmt 1 view .LVU210
 640              		.loc 1 410 12 is_stmt 0 view .LVU211
 641 0004 0020     		movs	r0, #0
 642              	.LVL50:
 643              		.loc 1 410 12 view .LVU212
 644 0006 7047     		bx	lr
 645              	.LVL51:
 646              	.L51:
 403:../Drivers/STM32F4xx_HAL_Driver/Src/stm32f4xx_hal_exti.c ****   }
 647              		.loc 1 403 12 view .LVU213
 648 0008 0120     		movs	r0, #1
 649              	.LVL52:
 411:../Drivers/STM32F4xx_HAL_Driver/Src/stm32f4xx_hal_exti.c ****   }
 412:../Drivers/STM32F4xx_HAL_Driver/Src/stm32f4xx_hal_exti.c **** }
 650              		.loc 1 412 1 view .LVU214
 651 000a 7047     		bx	lr
 652              		.cfi_endproc
 653              	.LFE134:
 655              		.section	.text.HAL_EXTI_IRQHandler,"ax",%progbits
 656              		.align	1
 657              		.global	HAL_EXTI_IRQHandler
 658              		.syntax unified
 659              		.thumb
 660              		.thumb_func
 661              		.fpu fpv4-sp-d16
 663              	HAL_EXTI_IRQHandler:
 664              	.LVL53:
 665              	.LFB135:
 413:../Drivers/STM32F4xx_HAL_Driver/Src/stm32f4xx_hal_exti.c **** 
 414:../Drivers/STM32F4xx_HAL_Driver/Src/stm32f4xx_hal_exti.c **** /**
 415:../Drivers/STM32F4xx_HAL_Driver/Src/stm32f4xx_hal_exti.c ****   * @}
 416:../Drivers/STM32F4xx_HAL_Driver/Src/stm32f4xx_hal_exti.c ****   */
 417:../Drivers/STM32F4xx_HAL_Driver/Src/stm32f4xx_hal_exti.c **** 
 418:../Drivers/STM32F4xx_HAL_Driver/Src/stm32f4xx_hal_exti.c **** /** @addtogroup EXTI_Exported_Functions_Group2
 419:../Drivers/STM32F4xx_HAL_Driver/Src/stm32f4xx_hal_exti.c ****   *  @brief EXTI IO functions.
 420:../Drivers/STM32F4xx_HAL_Driver/Src/stm32f4xx_hal_exti.c ****   *
 421:../Drivers/STM32F4xx_HAL_Driver/Src/stm32f4xx_hal_exti.c **** @verbatim
 422:../Drivers/STM32F4xx_HAL_Driver/Src/stm32f4xx_hal_exti.c ****  ===============================================================================
 423:../Drivers/STM32F4xx_HAL_Driver/Src/stm32f4xx_hal_exti.c ****                        ##### IO operation functions #####
 424:../Drivers/STM32F4xx_HAL_Driver/Src/stm32f4xx_hal_exti.c ****  ===============================================================================
ARM GAS  /tmp/ccJv5mjs.s 			page 21


 425:../Drivers/STM32F4xx_HAL_Driver/Src/stm32f4xx_hal_exti.c **** 
 426:../Drivers/STM32F4xx_HAL_Driver/Src/stm32f4xx_hal_exti.c **** @endverbatim
 427:../Drivers/STM32F4xx_HAL_Driver/Src/stm32f4xx_hal_exti.c ****   * @{
 428:../Drivers/STM32F4xx_HAL_Driver/Src/stm32f4xx_hal_exti.c ****   */
 429:../Drivers/STM32F4xx_HAL_Driver/Src/stm32f4xx_hal_exti.c **** 
 430:../Drivers/STM32F4xx_HAL_Driver/Src/stm32f4xx_hal_exti.c **** /**
 431:../Drivers/STM32F4xx_HAL_Driver/Src/stm32f4xx_hal_exti.c ****   * @brief  Handle EXTI interrupt request.
 432:../Drivers/STM32F4xx_HAL_Driver/Src/stm32f4xx_hal_exti.c ****   * @param  hexti Exti handle.
 433:../Drivers/STM32F4xx_HAL_Driver/Src/stm32f4xx_hal_exti.c ****   * @retval none.
 434:../Drivers/STM32F4xx_HAL_Driver/Src/stm32f4xx_hal_exti.c ****   */
 435:../Drivers/STM32F4xx_HAL_Driver/Src/stm32f4xx_hal_exti.c **** void HAL_EXTI_IRQHandler(EXTI_HandleTypeDef *hexti)
 436:../Drivers/STM32F4xx_HAL_Driver/Src/stm32f4xx_hal_exti.c **** {
 666              		.loc 1 436 1 is_stmt 1 view -0
 667              		.cfi_startproc
 668              		@ args = 0, pretend = 0, frame = 0
 669              		@ frame_needed = 0, uses_anonymous_args = 0
 670              		.loc 1 436 1 is_stmt 0 view .LVU216
 671 0000 08B5     		push	{r3, lr}
 672              	.LCFI7:
 673              		.cfi_def_cfa_offset 8
 674              		.cfi_offset 3, -8
 675              		.cfi_offset 14, -4
 437:../Drivers/STM32F4xx_HAL_Driver/Src/stm32f4xx_hal_exti.c ****   uint32_t regval;
 676              		.loc 1 437 3 is_stmt 1 view .LVU217
 438:../Drivers/STM32F4xx_HAL_Driver/Src/stm32f4xx_hal_exti.c ****   uint32_t maskline;
 677              		.loc 1 438 3 view .LVU218
 439:../Drivers/STM32F4xx_HAL_Driver/Src/stm32f4xx_hal_exti.c **** 
 440:../Drivers/STM32F4xx_HAL_Driver/Src/stm32f4xx_hal_exti.c ****   /* Compute line mask */
 441:../Drivers/STM32F4xx_HAL_Driver/Src/stm32f4xx_hal_exti.c ****   maskline = (1uL << (hexti->Line & EXTI_PIN_MASK));
 678              		.loc 1 441 3 view .LVU219
 679              		.loc 1 441 28 is_stmt 0 view .LVU220
 680 0002 0368     		ldr	r3, [r0]
 681              		.loc 1 441 35 view .LVU221
 682 0004 03F01F02 		and	r2, r3, #31
 683              		.loc 1 441 12 view .LVU222
 684 0008 0123     		movs	r3, #1
 685 000a 9340     		lsls	r3, r3, r2
 686              	.LVL54:
 442:../Drivers/STM32F4xx_HAL_Driver/Src/stm32f4xx_hal_exti.c **** 
 443:../Drivers/STM32F4xx_HAL_Driver/Src/stm32f4xx_hal_exti.c ****   /* Get pending bit  */
 444:../Drivers/STM32F4xx_HAL_Driver/Src/stm32f4xx_hal_exti.c ****   regval = (EXTI->PR & maskline);
 687              		.loc 1 444 3 is_stmt 1 view .LVU223
 688              		.loc 1 444 17 is_stmt 0 view .LVU224
 689 000c 044A     		ldr	r2, .L55
 690 000e 5269     		ldr	r2, [r2, #20]
 691              	.LVL55:
 445:../Drivers/STM32F4xx_HAL_Driver/Src/stm32f4xx_hal_exti.c ****   if (regval != 0x00u)
 692              		.loc 1 445 3 is_stmt 1 view .LVU225
 693              		.loc 1 445 6 is_stmt 0 view .LVU226
 694 0010 1A42     		tst	r2, r3
 695 0012 04D0     		beq	.L52
 446:../Drivers/STM32F4xx_HAL_Driver/Src/stm32f4xx_hal_exti.c ****   {
 447:../Drivers/STM32F4xx_HAL_Driver/Src/stm32f4xx_hal_exti.c ****     /* Clear pending bit */
 448:../Drivers/STM32F4xx_HAL_Driver/Src/stm32f4xx_hal_exti.c ****     EXTI->PR = maskline;
 696              		.loc 1 448 5 is_stmt 1 view .LVU227
 697              		.loc 1 448 14 is_stmt 0 view .LVU228
 698 0014 024A     		ldr	r2, .L55
ARM GAS  /tmp/ccJv5mjs.s 			page 22


 699              	.LVL56:
 700              		.loc 1 448 14 view .LVU229
 701 0016 5361     		str	r3, [r2, #20]
 449:../Drivers/STM32F4xx_HAL_Driver/Src/stm32f4xx_hal_exti.c **** 
 450:../Drivers/STM32F4xx_HAL_Driver/Src/stm32f4xx_hal_exti.c ****     /* Call callback */
 451:../Drivers/STM32F4xx_HAL_Driver/Src/stm32f4xx_hal_exti.c ****     if (hexti->PendingCallback != NULL)
 702              		.loc 1 451 5 is_stmt 1 view .LVU230
 703              		.loc 1 451 14 is_stmt 0 view .LVU231
 704 0018 4368     		ldr	r3, [r0, #4]
 705              	.LVL57:
 706              		.loc 1 451 8 view .LVU232
 707 001a 03B1     		cbz	r3, .L52
 452:../Drivers/STM32F4xx_HAL_Driver/Src/stm32f4xx_hal_exti.c ****     {
 453:../Drivers/STM32F4xx_HAL_Driver/Src/stm32f4xx_hal_exti.c ****       hexti->PendingCallback();
 708              		.loc 1 453 7 is_stmt 1 view .LVU233
 709 001c 9847     		blx	r3
 710              	.LVL58:
 711              	.L52:
 454:../Drivers/STM32F4xx_HAL_Driver/Src/stm32f4xx_hal_exti.c ****     }
 455:../Drivers/STM32F4xx_HAL_Driver/Src/stm32f4xx_hal_exti.c ****   }
 456:../Drivers/STM32F4xx_HAL_Driver/Src/stm32f4xx_hal_exti.c **** }
 712              		.loc 1 456 1 is_stmt 0 view .LVU234
 713 001e 08BD     		pop	{r3, pc}
 714              	.L56:
 715              		.align	2
 716              	.L55:
 717 0020 003C0140 		.word	1073822720
 718              		.cfi_endproc
 719              	.LFE135:
 721              		.section	.text.HAL_EXTI_GetPending,"ax",%progbits
 722              		.align	1
 723              		.global	HAL_EXTI_GetPending
 724              		.syntax unified
 725              		.thumb
 726              		.thumb_func
 727              		.fpu fpv4-sp-d16
 729              	HAL_EXTI_GetPending:
 730              	.LVL59:
 731              	.LFB136:
 457:../Drivers/STM32F4xx_HAL_Driver/Src/stm32f4xx_hal_exti.c **** 
 458:../Drivers/STM32F4xx_HAL_Driver/Src/stm32f4xx_hal_exti.c **** /**
 459:../Drivers/STM32F4xx_HAL_Driver/Src/stm32f4xx_hal_exti.c ****   * @brief  Get interrupt pending bit of a dedicated line.
 460:../Drivers/STM32F4xx_HAL_Driver/Src/stm32f4xx_hal_exti.c ****   * @param  hexti Exti handle.
 461:../Drivers/STM32F4xx_HAL_Driver/Src/stm32f4xx_hal_exti.c ****   * @param  Edge Specify which pending edge as to be checked.
 462:../Drivers/STM32F4xx_HAL_Driver/Src/stm32f4xx_hal_exti.c ****   *         This parameter can be one of the following values:
 463:../Drivers/STM32F4xx_HAL_Driver/Src/stm32f4xx_hal_exti.c ****   *           @arg @ref EXTI_TRIGGER_RISING_FALLING
 464:../Drivers/STM32F4xx_HAL_Driver/Src/stm32f4xx_hal_exti.c ****   *         This parameter is kept for compatibility with other series.
 465:../Drivers/STM32F4xx_HAL_Driver/Src/stm32f4xx_hal_exti.c ****   * @retval 1 if interrupt is pending else 0.
 466:../Drivers/STM32F4xx_HAL_Driver/Src/stm32f4xx_hal_exti.c ****   */
 467:../Drivers/STM32F4xx_HAL_Driver/Src/stm32f4xx_hal_exti.c **** uint32_t HAL_EXTI_GetPending(EXTI_HandleTypeDef *hexti, uint32_t Edge)
 468:../Drivers/STM32F4xx_HAL_Driver/Src/stm32f4xx_hal_exti.c **** {
 732              		.loc 1 468 1 is_stmt 1 view -0
 733              		.cfi_startproc
 734              		@ args = 0, pretend = 0, frame = 0
 735              		@ frame_needed = 0, uses_anonymous_args = 0
 736              		@ link register save eliminated.
 469:../Drivers/STM32F4xx_HAL_Driver/Src/stm32f4xx_hal_exti.c ****   uint32_t regval;
ARM GAS  /tmp/ccJv5mjs.s 			page 23


 737              		.loc 1 469 3 view .LVU236
 470:../Drivers/STM32F4xx_HAL_Driver/Src/stm32f4xx_hal_exti.c ****   uint32_t linepos;
 738              		.loc 1 470 3 view .LVU237
 471:../Drivers/STM32F4xx_HAL_Driver/Src/stm32f4xx_hal_exti.c ****   uint32_t maskline;
 739              		.loc 1 471 3 view .LVU238
 472:../Drivers/STM32F4xx_HAL_Driver/Src/stm32f4xx_hal_exti.c **** 
 473:../Drivers/STM32F4xx_HAL_Driver/Src/stm32f4xx_hal_exti.c ****   /* Check parameters */
 474:../Drivers/STM32F4xx_HAL_Driver/Src/stm32f4xx_hal_exti.c ****   assert_param(IS_EXTI_LINE(hexti->Line));
 740              		.loc 1 474 3 view .LVU239
 475:../Drivers/STM32F4xx_HAL_Driver/Src/stm32f4xx_hal_exti.c ****   assert_param(IS_EXTI_CONFIG_LINE(hexti->Line));
 741              		.loc 1 475 3 view .LVU240
 476:../Drivers/STM32F4xx_HAL_Driver/Src/stm32f4xx_hal_exti.c ****   assert_param(IS_EXTI_PENDING_EDGE(Edge));
 742              		.loc 1 476 3 view .LVU241
 477:../Drivers/STM32F4xx_HAL_Driver/Src/stm32f4xx_hal_exti.c **** 
 478:../Drivers/STM32F4xx_HAL_Driver/Src/stm32f4xx_hal_exti.c ****   /* Compute line mask */
 479:../Drivers/STM32F4xx_HAL_Driver/Src/stm32f4xx_hal_exti.c ****   linepos = (hexti->Line & EXTI_PIN_MASK);
 743              		.loc 1 479 3 view .LVU242
 744              		.loc 1 479 19 is_stmt 0 view .LVU243
 745 0000 0368     		ldr	r3, [r0]
 746              		.loc 1 479 11 view .LVU244
 747 0002 03F01F03 		and	r3, r3, #31
 748              	.LVL60:
 480:../Drivers/STM32F4xx_HAL_Driver/Src/stm32f4xx_hal_exti.c ****   maskline = (1uL << linepos);
 749              		.loc 1 480 3 is_stmt 1 view .LVU245
 750              		.loc 1 480 12 is_stmt 0 view .LVU246
 751 0006 0122     		movs	r2, #1
 752 0008 9A40     		lsls	r2, r2, r3
 753              	.LVL61:
 481:../Drivers/STM32F4xx_HAL_Driver/Src/stm32f4xx_hal_exti.c **** 
 482:../Drivers/STM32F4xx_HAL_Driver/Src/stm32f4xx_hal_exti.c ****   /* return 1 if bit is set else 0 */
 483:../Drivers/STM32F4xx_HAL_Driver/Src/stm32f4xx_hal_exti.c ****   regval = ((EXTI->PR & maskline) >> linepos);
 754              		.loc 1 483 3 is_stmt 1 view .LVU247
 755              		.loc 1 483 18 is_stmt 0 view .LVU248
 756 000a 0249     		ldr	r1, .L58
 757              	.LVL62:
 758              		.loc 1 483 18 view .LVU249
 759 000c 4869     		ldr	r0, [r1, #20]
 760              	.LVL63:
 761              		.loc 1 483 23 view .LVU250
 762 000e 1040     		ands	r0, r0, r2
 763              	.LVL64:
 484:../Drivers/STM32F4xx_HAL_Driver/Src/stm32f4xx_hal_exti.c ****   return regval;
 764              		.loc 1 484 3 is_stmt 1 view .LVU251
 485:../Drivers/STM32F4xx_HAL_Driver/Src/stm32f4xx_hal_exti.c **** }
 765              		.loc 1 485 1 is_stmt 0 view .LVU252
 766 0010 D840     		lsrs	r0, r0, r3
 767              	.LVL65:
 768              		.loc 1 485 1 view .LVU253
 769 0012 7047     		bx	lr
 770              	.L59:
 771              		.align	2
 772              	.L58:
 773 0014 003C0140 		.word	1073822720
 774              		.cfi_endproc
 775              	.LFE136:
 777              		.section	.text.HAL_EXTI_ClearPending,"ax",%progbits
 778              		.align	1
ARM GAS  /tmp/ccJv5mjs.s 			page 24


 779              		.global	HAL_EXTI_ClearPending
 780              		.syntax unified
 781              		.thumb
 782              		.thumb_func
 783              		.fpu fpv4-sp-d16
 785              	HAL_EXTI_ClearPending:
 786              	.LVL66:
 787              	.LFB137:
 486:../Drivers/STM32F4xx_HAL_Driver/Src/stm32f4xx_hal_exti.c **** 
 487:../Drivers/STM32F4xx_HAL_Driver/Src/stm32f4xx_hal_exti.c **** /**
 488:../Drivers/STM32F4xx_HAL_Driver/Src/stm32f4xx_hal_exti.c ****   * @brief  Clear interrupt pending bit of a dedicated line.
 489:../Drivers/STM32F4xx_HAL_Driver/Src/stm32f4xx_hal_exti.c ****   * @param  hexti Exti handle.
 490:../Drivers/STM32F4xx_HAL_Driver/Src/stm32f4xx_hal_exti.c ****   * @param  Edge Specify which pending edge as to be clear.
 491:../Drivers/STM32F4xx_HAL_Driver/Src/stm32f4xx_hal_exti.c ****   *         This parameter can be one of the following values:
 492:../Drivers/STM32F4xx_HAL_Driver/Src/stm32f4xx_hal_exti.c ****   *           @arg @ref EXTI_TRIGGER_RISING_FALLING
 493:../Drivers/STM32F4xx_HAL_Driver/Src/stm32f4xx_hal_exti.c ****   *         This parameter is kept for compatibility with other series.
 494:../Drivers/STM32F4xx_HAL_Driver/Src/stm32f4xx_hal_exti.c ****   * @retval None.
 495:../Drivers/STM32F4xx_HAL_Driver/Src/stm32f4xx_hal_exti.c ****   */
 496:../Drivers/STM32F4xx_HAL_Driver/Src/stm32f4xx_hal_exti.c **** void HAL_EXTI_ClearPending(EXTI_HandleTypeDef *hexti, uint32_t Edge)
 497:../Drivers/STM32F4xx_HAL_Driver/Src/stm32f4xx_hal_exti.c **** {
 788              		.loc 1 497 1 is_stmt 1 view -0
 789              		.cfi_startproc
 790              		@ args = 0, pretend = 0, frame = 0
 791              		@ frame_needed = 0, uses_anonymous_args = 0
 792              		@ link register save eliminated.
 498:../Drivers/STM32F4xx_HAL_Driver/Src/stm32f4xx_hal_exti.c ****   uint32_t maskline;
 793              		.loc 1 498 3 view .LVU255
 499:../Drivers/STM32F4xx_HAL_Driver/Src/stm32f4xx_hal_exti.c **** 
 500:../Drivers/STM32F4xx_HAL_Driver/Src/stm32f4xx_hal_exti.c ****   /* Check parameters */
 501:../Drivers/STM32F4xx_HAL_Driver/Src/stm32f4xx_hal_exti.c ****   assert_param(IS_EXTI_LINE(hexti->Line));
 794              		.loc 1 501 3 view .LVU256
 502:../Drivers/STM32F4xx_HAL_Driver/Src/stm32f4xx_hal_exti.c ****   assert_param(IS_EXTI_CONFIG_LINE(hexti->Line));
 795              		.loc 1 502 3 view .LVU257
 503:../Drivers/STM32F4xx_HAL_Driver/Src/stm32f4xx_hal_exti.c ****   assert_param(IS_EXTI_PENDING_EDGE(Edge));
 796              		.loc 1 503 3 view .LVU258
 504:../Drivers/STM32F4xx_HAL_Driver/Src/stm32f4xx_hal_exti.c **** 
 505:../Drivers/STM32F4xx_HAL_Driver/Src/stm32f4xx_hal_exti.c ****   /* Compute line mask */
 506:../Drivers/STM32F4xx_HAL_Driver/Src/stm32f4xx_hal_exti.c ****   maskline = (1uL << (hexti->Line & EXTI_PIN_MASK));
 797              		.loc 1 506 3 view .LVU259
 798              		.loc 1 506 28 is_stmt 0 view .LVU260
 799 0000 0268     		ldr	r2, [r0]
 800              		.loc 1 506 35 view .LVU261
 801 0002 02F01F02 		and	r2, r2, #31
 802              		.loc 1 506 12 view .LVU262
 803 0006 0123     		movs	r3, #1
 804 0008 9340     		lsls	r3, r3, r2
 805              	.LVL67:
 507:../Drivers/STM32F4xx_HAL_Driver/Src/stm32f4xx_hal_exti.c **** 
 508:../Drivers/STM32F4xx_HAL_Driver/Src/stm32f4xx_hal_exti.c ****   /* Clear Pending bit */
 509:../Drivers/STM32F4xx_HAL_Driver/Src/stm32f4xx_hal_exti.c ****   EXTI->PR =  maskline;
 806              		.loc 1 509 3 is_stmt 1 view .LVU263
 807              		.loc 1 509 12 is_stmt 0 view .LVU264
 808 000a 014A     		ldr	r2, .L61
 809 000c 5361     		str	r3, [r2, #20]
 510:../Drivers/STM32F4xx_HAL_Driver/Src/stm32f4xx_hal_exti.c **** }
 810              		.loc 1 510 1 view .LVU265
 811 000e 7047     		bx	lr
ARM GAS  /tmp/ccJv5mjs.s 			page 25


 812              	.L62:
 813              		.align	2
 814              	.L61:
 815 0010 003C0140 		.word	1073822720
 816              		.cfi_endproc
 817              	.LFE137:
 819              		.section	.text.HAL_EXTI_GenerateSWI,"ax",%progbits
 820              		.align	1
 821              		.global	HAL_EXTI_GenerateSWI
 822              		.syntax unified
 823              		.thumb
 824              		.thumb_func
 825              		.fpu fpv4-sp-d16
 827              	HAL_EXTI_GenerateSWI:
 828              	.LVL68:
 829              	.LFB138:
 511:../Drivers/STM32F4xx_HAL_Driver/Src/stm32f4xx_hal_exti.c **** 
 512:../Drivers/STM32F4xx_HAL_Driver/Src/stm32f4xx_hal_exti.c **** /**
 513:../Drivers/STM32F4xx_HAL_Driver/Src/stm32f4xx_hal_exti.c ****   * @brief  Generate a software interrupt for a dedicated line.
 514:../Drivers/STM32F4xx_HAL_Driver/Src/stm32f4xx_hal_exti.c ****   * @param  hexti Exti handle.
 515:../Drivers/STM32F4xx_HAL_Driver/Src/stm32f4xx_hal_exti.c ****   * @retval None.
 516:../Drivers/STM32F4xx_HAL_Driver/Src/stm32f4xx_hal_exti.c ****   */
 517:../Drivers/STM32F4xx_HAL_Driver/Src/stm32f4xx_hal_exti.c **** void HAL_EXTI_GenerateSWI(EXTI_HandleTypeDef *hexti)
 518:../Drivers/STM32F4xx_HAL_Driver/Src/stm32f4xx_hal_exti.c **** {
 830              		.loc 1 518 1 is_stmt 1 view -0
 831              		.cfi_startproc
 832              		@ args = 0, pretend = 0, frame = 0
 833              		@ frame_needed = 0, uses_anonymous_args = 0
 834              		@ link register save eliminated.
 519:../Drivers/STM32F4xx_HAL_Driver/Src/stm32f4xx_hal_exti.c ****   uint32_t maskline;
 835              		.loc 1 519 3 view .LVU267
 520:../Drivers/STM32F4xx_HAL_Driver/Src/stm32f4xx_hal_exti.c **** 
 521:../Drivers/STM32F4xx_HAL_Driver/Src/stm32f4xx_hal_exti.c ****   /* Check parameters */
 522:../Drivers/STM32F4xx_HAL_Driver/Src/stm32f4xx_hal_exti.c ****   assert_param(IS_EXTI_LINE(hexti->Line));
 836              		.loc 1 522 3 view .LVU268
 523:../Drivers/STM32F4xx_HAL_Driver/Src/stm32f4xx_hal_exti.c ****   assert_param(IS_EXTI_CONFIG_LINE(hexti->Line));
 837              		.loc 1 523 3 view .LVU269
 524:../Drivers/STM32F4xx_HAL_Driver/Src/stm32f4xx_hal_exti.c **** 
 525:../Drivers/STM32F4xx_HAL_Driver/Src/stm32f4xx_hal_exti.c ****   /* Compute line mask */
 526:../Drivers/STM32F4xx_HAL_Driver/Src/stm32f4xx_hal_exti.c ****   maskline = (1uL << (hexti->Line & EXTI_PIN_MASK));
 838              		.loc 1 526 3 view .LVU270
 839              		.loc 1 526 28 is_stmt 0 view .LVU271
 840 0000 0268     		ldr	r2, [r0]
 841              		.loc 1 526 35 view .LVU272
 842 0002 02F01F02 		and	r2, r2, #31
 843              		.loc 1 526 12 view .LVU273
 844 0006 0123     		movs	r3, #1
 845 0008 9340     		lsls	r3, r3, r2
 846              	.LVL69:
 527:../Drivers/STM32F4xx_HAL_Driver/Src/stm32f4xx_hal_exti.c **** 
 528:../Drivers/STM32F4xx_HAL_Driver/Src/stm32f4xx_hal_exti.c ****   /* Generate Software interrupt */
 529:../Drivers/STM32F4xx_HAL_Driver/Src/stm32f4xx_hal_exti.c ****   EXTI->SWIER = maskline;
 847              		.loc 1 529 3 is_stmt 1 view .LVU274
 848              		.loc 1 529 15 is_stmt 0 view .LVU275
 849 000a 014A     		ldr	r2, .L64
 850 000c 1361     		str	r3, [r2, #16]
 530:../Drivers/STM32F4xx_HAL_Driver/Src/stm32f4xx_hal_exti.c **** }
ARM GAS  /tmp/ccJv5mjs.s 			page 26


 851              		.loc 1 530 1 view .LVU276
 852 000e 7047     		bx	lr
 853              	.L65:
 854              		.align	2
 855              	.L64:
 856 0010 003C0140 		.word	1073822720
 857              		.cfi_endproc
 858              	.LFE138:
 860              		.text
 861              	.Letext0:
 862              		.file 2 "/usr/arm-none-eabi/include/machine/_default_types.h"
 863              		.file 3 "/usr/arm-none-eabi/include/sys/_stdint.h"
 864              		.file 4 "../Drivers/CMSIS/Device/ST/STM32F4xx/Include/stm32f429xx.h"
 865              		.file 5 "../Drivers/STM32F4xx_HAL_Driver/Inc/stm32f4xx_hal_def.h"
 866              		.file 6 "../Drivers/STM32F4xx_HAL_Driver/Inc/stm32f4xx_hal_exti.h"
ARM GAS  /tmp/ccJv5mjs.s 			page 27


DEFINED SYMBOLS
                            *ABS*:0000000000000000 stm32f4xx_hal_exti.c
     /tmp/ccJv5mjs.s:18     .text.HAL_EXTI_SetConfigLine:0000000000000000 $t
     /tmp/ccJv5mjs.s:26     .text.HAL_EXTI_SetConfigLine:0000000000000000 HAL_EXTI_SetConfigLine
     /tmp/ccJv5mjs.s:243    .text.HAL_EXTI_SetConfigLine:00000000000000d0 $d
     /tmp/ccJv5mjs.s:249    .text.HAL_EXTI_GetConfigLine:0000000000000000 $t
     /tmp/ccJv5mjs.s:256    .text.HAL_EXTI_GetConfigLine:0000000000000000 HAL_EXTI_GetConfigLine
     /tmp/ccJv5mjs.s:418    .text.HAL_EXTI_GetConfigLine:000000000000009c $d
     /tmp/ccJv5mjs.s:424    .text.HAL_EXTI_ClearConfigLine:0000000000000000 $t
     /tmp/ccJv5mjs.s:431    .text.HAL_EXTI_ClearConfigLine:0000000000000000 HAL_EXTI_ClearConfigLine
     /tmp/ccJv5mjs.s:571    .text.HAL_EXTI_ClearConfigLine:000000000000007c $d
     /tmp/ccJv5mjs.s:577    .text.HAL_EXTI_RegisterCallback:0000000000000000 $t
     /tmp/ccJv5mjs.s:584    .text.HAL_EXTI_RegisterCallback:0000000000000000 HAL_EXTI_RegisterCallback
     /tmp/ccJv5mjs.s:617    .text.HAL_EXTI_GetHandle:0000000000000000 $t
     /tmp/ccJv5mjs.s:624    .text.HAL_EXTI_GetHandle:0000000000000000 HAL_EXTI_GetHandle
     /tmp/ccJv5mjs.s:656    .text.HAL_EXTI_IRQHandler:0000000000000000 $t
     /tmp/ccJv5mjs.s:663    .text.HAL_EXTI_IRQHandler:0000000000000000 HAL_EXTI_IRQHandler
     /tmp/ccJv5mjs.s:717    .text.HAL_EXTI_IRQHandler:0000000000000020 $d
     /tmp/ccJv5mjs.s:722    .text.HAL_EXTI_GetPending:0000000000000000 $t
     /tmp/ccJv5mjs.s:729    .text.HAL_EXTI_GetPending:0000000000000000 HAL_EXTI_GetPending
     /tmp/ccJv5mjs.s:773    .text.HAL_EXTI_GetPending:0000000000000014 $d
     /tmp/ccJv5mjs.s:778    .text.HAL_EXTI_ClearPending:0000000000000000 $t
     /tmp/ccJv5mjs.s:785    .text.HAL_EXTI_ClearPending:0000000000000000 HAL_EXTI_ClearPending
     /tmp/ccJv5mjs.s:815    .text.HAL_EXTI_ClearPending:0000000000000010 $d
     /tmp/ccJv5mjs.s:820    .text.HAL_EXTI_GenerateSWI:0000000000000000 $t
     /tmp/ccJv5mjs.s:827    .text.HAL_EXTI_GenerateSWI:0000000000000000 HAL_EXTI_GenerateSWI
     /tmp/ccJv5mjs.s:856    .text.HAL_EXTI_GenerateSWI:0000000000000010 $d

NO UNDEFINED SYMBOLS
