ARM GAS  /tmp/cc8R80AE.s 			page 1


   1              		.cpu cortex-m4
   2              		.eabi_attribute 27, 1
   3              		.eabi_attribute 28, 1
   4              		.eabi_attribute 20, 1
   5              		.eabi_attribute 21, 1
   6              		.eabi_attribute 23, 3
   7              		.eabi_attribute 24, 1
   8              		.eabi_attribute 25, 1
   9              		.eabi_attribute 26, 1
  10              		.eabi_attribute 30, 1
  11              		.eabi_attribute 34, 1
  12              		.eabi_attribute 18, 4
  13              		.file	"stm32f4xx_hal_i2c_ex.c"
  14              		.text
  15              	.Ltext0:
  16              		.cfi_sections	.debug_frame
  17              		.section	.text.HAL_I2CEx_ConfigAnalogFilter,"ax",%progbits
  18              		.align	1
  19              		.global	HAL_I2CEx_ConfigAnalogFilter
  20              		.arch armv7e-m
  21              		.syntax unified
  22              		.thumb
  23              		.thumb_func
  24              		.fpu fpv4-sp-d16
  26              	HAL_I2CEx_ConfigAnalogFilter:
  27              	.LVL0:
  28              	.LFB130:
  29              		.file 1 "../Drivers/STM32F4xx_HAL_Driver/Src/stm32f4xx_hal_i2c_ex.c"
   1:../Drivers/STM32F4xx_HAL_Driver/Src/stm32f4xx_hal_i2c_ex.c **** /**
   2:../Drivers/STM32F4xx_HAL_Driver/Src/stm32f4xx_hal_i2c_ex.c ****   ******************************************************************************
   3:../Drivers/STM32F4xx_HAL_Driver/Src/stm32f4xx_hal_i2c_ex.c ****   * @file    stm32f4xx_hal_i2c_ex.c
   4:../Drivers/STM32F4xx_HAL_Driver/Src/stm32f4xx_hal_i2c_ex.c ****   * @author  MCD Application Team
   5:../Drivers/STM32F4xx_HAL_Driver/Src/stm32f4xx_hal_i2c_ex.c ****   * @brief   I2C Extension HAL module driver.
   6:../Drivers/STM32F4xx_HAL_Driver/Src/stm32f4xx_hal_i2c_ex.c ****   *          This file provides firmware functions to manage the following
   7:../Drivers/STM32F4xx_HAL_Driver/Src/stm32f4xx_hal_i2c_ex.c ****   *          functionalities of I2C extension peripheral:
   8:../Drivers/STM32F4xx_HAL_Driver/Src/stm32f4xx_hal_i2c_ex.c ****   *           + Extension features functions
   9:../Drivers/STM32F4xx_HAL_Driver/Src/stm32f4xx_hal_i2c_ex.c ****   *
  10:../Drivers/STM32F4xx_HAL_Driver/Src/stm32f4xx_hal_i2c_ex.c ****   @verbatim
  11:../Drivers/STM32F4xx_HAL_Driver/Src/stm32f4xx_hal_i2c_ex.c ****   ==============================================================================
  12:../Drivers/STM32F4xx_HAL_Driver/Src/stm32f4xx_hal_i2c_ex.c ****                ##### I2C peripheral extension features  #####
  13:../Drivers/STM32F4xx_HAL_Driver/Src/stm32f4xx_hal_i2c_ex.c ****   ==============================================================================
  14:../Drivers/STM32F4xx_HAL_Driver/Src/stm32f4xx_hal_i2c_ex.c **** 
  15:../Drivers/STM32F4xx_HAL_Driver/Src/stm32f4xx_hal_i2c_ex.c ****   [..] Comparing to other previous devices, the I2C interface for STM32F427xx/437xx/
  16:../Drivers/STM32F4xx_HAL_Driver/Src/stm32f4xx_hal_i2c_ex.c ****        429xx/439xx devices contains the following additional features :
  17:../Drivers/STM32F4xx_HAL_Driver/Src/stm32f4xx_hal_i2c_ex.c **** 
  18:../Drivers/STM32F4xx_HAL_Driver/Src/stm32f4xx_hal_i2c_ex.c ****        (+) Possibility to disable or enable Analog Noise Filter
  19:../Drivers/STM32F4xx_HAL_Driver/Src/stm32f4xx_hal_i2c_ex.c ****        (+) Use of a configured Digital Noise Filter
  20:../Drivers/STM32F4xx_HAL_Driver/Src/stm32f4xx_hal_i2c_ex.c **** 
  21:../Drivers/STM32F4xx_HAL_Driver/Src/stm32f4xx_hal_i2c_ex.c ****                      ##### How to use this driver #####
  22:../Drivers/STM32F4xx_HAL_Driver/Src/stm32f4xx_hal_i2c_ex.c ****   ==============================================================================
  23:../Drivers/STM32F4xx_HAL_Driver/Src/stm32f4xx_hal_i2c_ex.c ****   [..] This driver provides functions to configure Noise Filter
  24:../Drivers/STM32F4xx_HAL_Driver/Src/stm32f4xx_hal_i2c_ex.c ****     (#) Configure I2C Analog noise filter using the function HAL_I2C_AnalogFilter_Config()
  25:../Drivers/STM32F4xx_HAL_Driver/Src/stm32f4xx_hal_i2c_ex.c ****     (#) Configure I2C Digital noise filter using the function HAL_I2C_DigitalFilter_Config()
  26:../Drivers/STM32F4xx_HAL_Driver/Src/stm32f4xx_hal_i2c_ex.c **** 
  27:../Drivers/STM32F4xx_HAL_Driver/Src/stm32f4xx_hal_i2c_ex.c ****   @endverbatim
  28:../Drivers/STM32F4xx_HAL_Driver/Src/stm32f4xx_hal_i2c_ex.c ****   ******************************************************************************
  29:../Drivers/STM32F4xx_HAL_Driver/Src/stm32f4xx_hal_i2c_ex.c ****   * @attention
ARM GAS  /tmp/cc8R80AE.s 			page 2


  30:../Drivers/STM32F4xx_HAL_Driver/Src/stm32f4xx_hal_i2c_ex.c ****   *
  31:../Drivers/STM32F4xx_HAL_Driver/Src/stm32f4xx_hal_i2c_ex.c ****   * <h2><center>&copy; Copyright (c) 2016 STMicroelectronics.
  32:../Drivers/STM32F4xx_HAL_Driver/Src/stm32f4xx_hal_i2c_ex.c ****   * All rights reserved.</center></h2>
  33:../Drivers/STM32F4xx_HAL_Driver/Src/stm32f4xx_hal_i2c_ex.c ****   *
  34:../Drivers/STM32F4xx_HAL_Driver/Src/stm32f4xx_hal_i2c_ex.c ****   * This software component is licensed by ST under BSD 3-Clause license,
  35:../Drivers/STM32F4xx_HAL_Driver/Src/stm32f4xx_hal_i2c_ex.c ****   * the "License"; You may not use this file except in compliance with the
  36:../Drivers/STM32F4xx_HAL_Driver/Src/stm32f4xx_hal_i2c_ex.c ****   * License. You may obtain a copy of the License at:
  37:../Drivers/STM32F4xx_HAL_Driver/Src/stm32f4xx_hal_i2c_ex.c ****   *                        opensource.org/licenses/BSD-3-Clause
  38:../Drivers/STM32F4xx_HAL_Driver/Src/stm32f4xx_hal_i2c_ex.c ****   *
  39:../Drivers/STM32F4xx_HAL_Driver/Src/stm32f4xx_hal_i2c_ex.c ****   ******************************************************************************
  40:../Drivers/STM32F4xx_HAL_Driver/Src/stm32f4xx_hal_i2c_ex.c ****   */
  41:../Drivers/STM32F4xx_HAL_Driver/Src/stm32f4xx_hal_i2c_ex.c **** 
  42:../Drivers/STM32F4xx_HAL_Driver/Src/stm32f4xx_hal_i2c_ex.c **** /* Includes ------------------------------------------------------------------*/
  43:../Drivers/STM32F4xx_HAL_Driver/Src/stm32f4xx_hal_i2c_ex.c **** #include "stm32f4xx_hal.h"
  44:../Drivers/STM32F4xx_HAL_Driver/Src/stm32f4xx_hal_i2c_ex.c **** 
  45:../Drivers/STM32F4xx_HAL_Driver/Src/stm32f4xx_hal_i2c_ex.c **** /** @addtogroup STM32F4xx_HAL_Driver
  46:../Drivers/STM32F4xx_HAL_Driver/Src/stm32f4xx_hal_i2c_ex.c ****   * @{
  47:../Drivers/STM32F4xx_HAL_Driver/Src/stm32f4xx_hal_i2c_ex.c ****   */
  48:../Drivers/STM32F4xx_HAL_Driver/Src/stm32f4xx_hal_i2c_ex.c **** 
  49:../Drivers/STM32F4xx_HAL_Driver/Src/stm32f4xx_hal_i2c_ex.c **** /** @defgroup I2CEx I2CEx
  50:../Drivers/STM32F4xx_HAL_Driver/Src/stm32f4xx_hal_i2c_ex.c ****   * @brief I2C HAL module driver
  51:../Drivers/STM32F4xx_HAL_Driver/Src/stm32f4xx_hal_i2c_ex.c ****   * @{
  52:../Drivers/STM32F4xx_HAL_Driver/Src/stm32f4xx_hal_i2c_ex.c ****   */
  53:../Drivers/STM32F4xx_HAL_Driver/Src/stm32f4xx_hal_i2c_ex.c **** 
  54:../Drivers/STM32F4xx_HAL_Driver/Src/stm32f4xx_hal_i2c_ex.c **** #ifdef HAL_I2C_MODULE_ENABLED
  55:../Drivers/STM32F4xx_HAL_Driver/Src/stm32f4xx_hal_i2c_ex.c **** 
  56:../Drivers/STM32F4xx_HAL_Driver/Src/stm32f4xx_hal_i2c_ex.c **** #if  defined(I2C_FLTR_ANOFF)&&defined(I2C_FLTR_DNF)
  57:../Drivers/STM32F4xx_HAL_Driver/Src/stm32f4xx_hal_i2c_ex.c **** /* Private typedef -----------------------------------------------------------*/
  58:../Drivers/STM32F4xx_HAL_Driver/Src/stm32f4xx_hal_i2c_ex.c **** /* Private define ------------------------------------------------------------*/
  59:../Drivers/STM32F4xx_HAL_Driver/Src/stm32f4xx_hal_i2c_ex.c **** /* Private macro -------------------------------------------------------------*/
  60:../Drivers/STM32F4xx_HAL_Driver/Src/stm32f4xx_hal_i2c_ex.c **** /* Private variables ---------------------------------------------------------*/
  61:../Drivers/STM32F4xx_HAL_Driver/Src/stm32f4xx_hal_i2c_ex.c **** /* Private function prototypes -----------------------------------------------*/
  62:../Drivers/STM32F4xx_HAL_Driver/Src/stm32f4xx_hal_i2c_ex.c **** /* Exported functions --------------------------------------------------------*/
  63:../Drivers/STM32F4xx_HAL_Driver/Src/stm32f4xx_hal_i2c_ex.c **** /** @defgroup I2CEx_Exported_Functions I2C Exported Functions
  64:../Drivers/STM32F4xx_HAL_Driver/Src/stm32f4xx_hal_i2c_ex.c ****   * @{
  65:../Drivers/STM32F4xx_HAL_Driver/Src/stm32f4xx_hal_i2c_ex.c ****   */
  66:../Drivers/STM32F4xx_HAL_Driver/Src/stm32f4xx_hal_i2c_ex.c **** 
  67:../Drivers/STM32F4xx_HAL_Driver/Src/stm32f4xx_hal_i2c_ex.c **** 
  68:../Drivers/STM32F4xx_HAL_Driver/Src/stm32f4xx_hal_i2c_ex.c **** /** @defgroup I2CEx_Exported_Functions_Group1 Extension features functions
  69:../Drivers/STM32F4xx_HAL_Driver/Src/stm32f4xx_hal_i2c_ex.c ****  *  @brief   Extension features functions
  70:../Drivers/STM32F4xx_HAL_Driver/Src/stm32f4xx_hal_i2c_ex.c ****  *
  71:../Drivers/STM32F4xx_HAL_Driver/Src/stm32f4xx_hal_i2c_ex.c **** @verbatim
  72:../Drivers/STM32F4xx_HAL_Driver/Src/stm32f4xx_hal_i2c_ex.c ****  ===============================================================================
  73:../Drivers/STM32F4xx_HAL_Driver/Src/stm32f4xx_hal_i2c_ex.c ****                       ##### Extension features functions #####
  74:../Drivers/STM32F4xx_HAL_Driver/Src/stm32f4xx_hal_i2c_ex.c ****  ===============================================================================
  75:../Drivers/STM32F4xx_HAL_Driver/Src/stm32f4xx_hal_i2c_ex.c ****     [..] This section provides functions allowing to:
  76:../Drivers/STM32F4xx_HAL_Driver/Src/stm32f4xx_hal_i2c_ex.c ****       (+) Configure Noise Filters
  77:../Drivers/STM32F4xx_HAL_Driver/Src/stm32f4xx_hal_i2c_ex.c **** 
  78:../Drivers/STM32F4xx_HAL_Driver/Src/stm32f4xx_hal_i2c_ex.c **** @endverbatim
  79:../Drivers/STM32F4xx_HAL_Driver/Src/stm32f4xx_hal_i2c_ex.c ****   * @{
  80:../Drivers/STM32F4xx_HAL_Driver/Src/stm32f4xx_hal_i2c_ex.c ****   */
  81:../Drivers/STM32F4xx_HAL_Driver/Src/stm32f4xx_hal_i2c_ex.c **** 
  82:../Drivers/STM32F4xx_HAL_Driver/Src/stm32f4xx_hal_i2c_ex.c **** /**
  83:../Drivers/STM32F4xx_HAL_Driver/Src/stm32f4xx_hal_i2c_ex.c ****   * @brief  Configures I2C Analog noise filter.
  84:../Drivers/STM32F4xx_HAL_Driver/Src/stm32f4xx_hal_i2c_ex.c ****   * @param  hi2c pointer to a I2C_HandleTypeDef structure that contains
  85:../Drivers/STM32F4xx_HAL_Driver/Src/stm32f4xx_hal_i2c_ex.c ****   *                the configuration information for the specified I2Cx peripheral.
  86:../Drivers/STM32F4xx_HAL_Driver/Src/stm32f4xx_hal_i2c_ex.c ****   * @param  AnalogFilter new state of the Analog filter.
ARM GAS  /tmp/cc8R80AE.s 			page 3


  87:../Drivers/STM32F4xx_HAL_Driver/Src/stm32f4xx_hal_i2c_ex.c ****   * @retval HAL status
  88:../Drivers/STM32F4xx_HAL_Driver/Src/stm32f4xx_hal_i2c_ex.c ****   */
  89:../Drivers/STM32F4xx_HAL_Driver/Src/stm32f4xx_hal_i2c_ex.c **** HAL_StatusTypeDef HAL_I2CEx_ConfigAnalogFilter(I2C_HandleTypeDef *hi2c, uint32_t AnalogFilter)
  90:../Drivers/STM32F4xx_HAL_Driver/Src/stm32f4xx_hal_i2c_ex.c **** {
  30              		.loc 1 90 1 view -0
  31              		.cfi_startproc
  32              		@ args = 0, pretend = 0, frame = 0
  33              		@ frame_needed = 0, uses_anonymous_args = 0
  34              		@ link register save eliminated.
  91:../Drivers/STM32F4xx_HAL_Driver/Src/stm32f4xx_hal_i2c_ex.c ****   /* Check the parameters */
  92:../Drivers/STM32F4xx_HAL_Driver/Src/stm32f4xx_hal_i2c_ex.c ****   assert_param(IS_I2C_ALL_INSTANCE(hi2c->Instance));
  35              		.loc 1 92 3 view .LVU1
  93:../Drivers/STM32F4xx_HAL_Driver/Src/stm32f4xx_hal_i2c_ex.c ****   assert_param(IS_I2C_ANALOG_FILTER(AnalogFilter));
  36              		.loc 1 93 3 view .LVU2
  94:../Drivers/STM32F4xx_HAL_Driver/Src/stm32f4xx_hal_i2c_ex.c **** 
  95:../Drivers/STM32F4xx_HAL_Driver/Src/stm32f4xx_hal_i2c_ex.c ****   if (hi2c->State == HAL_I2C_STATE_READY)
  37              		.loc 1 95 3 view .LVU3
  38              		.loc 1 95 11 is_stmt 0 view .LVU4
  39 0000 90F83D30 		ldrb	r3, [r0, #61]	@ zero_extendqisi2
  40 0004 DBB2     		uxtb	r3, r3
  41              		.loc 1 95 6 view .LVU5
  42 0006 202B     		cmp	r3, #32
  43 0008 01D0     		beq	.L4
  96:../Drivers/STM32F4xx_HAL_Driver/Src/stm32f4xx_hal_i2c_ex.c ****   {
  97:../Drivers/STM32F4xx_HAL_Driver/Src/stm32f4xx_hal_i2c_ex.c ****     hi2c->State = HAL_I2C_STATE_BUSY;
  98:../Drivers/STM32F4xx_HAL_Driver/Src/stm32f4xx_hal_i2c_ex.c **** 
  99:../Drivers/STM32F4xx_HAL_Driver/Src/stm32f4xx_hal_i2c_ex.c ****     /* Disable the selected I2C peripheral */
 100:../Drivers/STM32F4xx_HAL_Driver/Src/stm32f4xx_hal_i2c_ex.c ****     __HAL_I2C_DISABLE(hi2c);
 101:../Drivers/STM32F4xx_HAL_Driver/Src/stm32f4xx_hal_i2c_ex.c **** 
 102:../Drivers/STM32F4xx_HAL_Driver/Src/stm32f4xx_hal_i2c_ex.c ****     /* Reset I2Cx ANOFF bit */
 103:../Drivers/STM32F4xx_HAL_Driver/Src/stm32f4xx_hal_i2c_ex.c ****     hi2c->Instance->FLTR &= ~(I2C_FLTR_ANOFF);
 104:../Drivers/STM32F4xx_HAL_Driver/Src/stm32f4xx_hal_i2c_ex.c **** 
 105:../Drivers/STM32F4xx_HAL_Driver/Src/stm32f4xx_hal_i2c_ex.c ****     /* Disable the analog filter */
 106:../Drivers/STM32F4xx_HAL_Driver/Src/stm32f4xx_hal_i2c_ex.c ****     hi2c->Instance->FLTR |= AnalogFilter;
 107:../Drivers/STM32F4xx_HAL_Driver/Src/stm32f4xx_hal_i2c_ex.c **** 
 108:../Drivers/STM32F4xx_HAL_Driver/Src/stm32f4xx_hal_i2c_ex.c ****     __HAL_I2C_ENABLE(hi2c);
 109:../Drivers/STM32F4xx_HAL_Driver/Src/stm32f4xx_hal_i2c_ex.c **** 
 110:../Drivers/STM32F4xx_HAL_Driver/Src/stm32f4xx_hal_i2c_ex.c ****     hi2c->State = HAL_I2C_STATE_READY;
 111:../Drivers/STM32F4xx_HAL_Driver/Src/stm32f4xx_hal_i2c_ex.c **** 
 112:../Drivers/STM32F4xx_HAL_Driver/Src/stm32f4xx_hal_i2c_ex.c ****     return HAL_OK;
 113:../Drivers/STM32F4xx_HAL_Driver/Src/stm32f4xx_hal_i2c_ex.c ****   }
 114:../Drivers/STM32F4xx_HAL_Driver/Src/stm32f4xx_hal_i2c_ex.c ****   else
 115:../Drivers/STM32F4xx_HAL_Driver/Src/stm32f4xx_hal_i2c_ex.c ****   {
 116:../Drivers/STM32F4xx_HAL_Driver/Src/stm32f4xx_hal_i2c_ex.c ****     return HAL_BUSY;
  44              		.loc 1 116 12 view .LVU6
  45 000a 0220     		movs	r0, #2
  46              	.LVL1:
 117:../Drivers/STM32F4xx_HAL_Driver/Src/stm32f4xx_hal_i2c_ex.c ****   }
 118:../Drivers/STM32F4xx_HAL_Driver/Src/stm32f4xx_hal_i2c_ex.c **** }
  47              		.loc 1 118 1 view .LVU7
  48 000c 7047     		bx	lr
  49              	.LVL2:
  50              	.L4:
  97:../Drivers/STM32F4xx_HAL_Driver/Src/stm32f4xx_hal_i2c_ex.c **** 
  51              		.loc 1 97 5 is_stmt 1 view .LVU8
  97:../Drivers/STM32F4xx_HAL_Driver/Src/stm32f4xx_hal_i2c_ex.c **** 
  52              		.loc 1 97 17 is_stmt 0 view .LVU9
ARM GAS  /tmp/cc8R80AE.s 			page 4


  53 000e 2423     		movs	r3, #36
  54 0010 80F83D30 		strb	r3, [r0, #61]
 100:../Drivers/STM32F4xx_HAL_Driver/Src/stm32f4xx_hal_i2c_ex.c **** 
  55              		.loc 1 100 5 is_stmt 1 view .LVU10
  56 0014 0268     		ldr	r2, [r0]
  57 0016 1368     		ldr	r3, [r2]
  58 0018 23F00103 		bic	r3, r3, #1
  59 001c 1360     		str	r3, [r2]
 103:../Drivers/STM32F4xx_HAL_Driver/Src/stm32f4xx_hal_i2c_ex.c **** 
  60              		.loc 1 103 5 view .LVU11
 103:../Drivers/STM32F4xx_HAL_Driver/Src/stm32f4xx_hal_i2c_ex.c **** 
  61              		.loc 1 103 9 is_stmt 0 view .LVU12
  62 001e 0268     		ldr	r2, [r0]
 103:../Drivers/STM32F4xx_HAL_Driver/Src/stm32f4xx_hal_i2c_ex.c **** 
  63              		.loc 1 103 26 view .LVU13
  64 0020 536A     		ldr	r3, [r2, #36]
  65 0022 23F01003 		bic	r3, r3, #16
  66 0026 5362     		str	r3, [r2, #36]
 106:../Drivers/STM32F4xx_HAL_Driver/Src/stm32f4xx_hal_i2c_ex.c **** 
  67              		.loc 1 106 5 is_stmt 1 view .LVU14
 106:../Drivers/STM32F4xx_HAL_Driver/Src/stm32f4xx_hal_i2c_ex.c **** 
  68              		.loc 1 106 9 is_stmt 0 view .LVU15
  69 0028 0268     		ldr	r2, [r0]
 106:../Drivers/STM32F4xx_HAL_Driver/Src/stm32f4xx_hal_i2c_ex.c **** 
  70              		.loc 1 106 26 view .LVU16
  71 002a 536A     		ldr	r3, [r2, #36]
  72 002c 0B43     		orrs	r3, r3, r1
  73 002e 5362     		str	r3, [r2, #36]
 108:../Drivers/STM32F4xx_HAL_Driver/Src/stm32f4xx_hal_i2c_ex.c **** 
  74              		.loc 1 108 5 is_stmt 1 view .LVU17
  75 0030 0268     		ldr	r2, [r0]
  76 0032 1368     		ldr	r3, [r2]
  77 0034 43F00103 		orr	r3, r3, #1
  78 0038 1360     		str	r3, [r2]
 110:../Drivers/STM32F4xx_HAL_Driver/Src/stm32f4xx_hal_i2c_ex.c **** 
  79              		.loc 1 110 5 view .LVU18
 110:../Drivers/STM32F4xx_HAL_Driver/Src/stm32f4xx_hal_i2c_ex.c **** 
  80              		.loc 1 110 17 is_stmt 0 view .LVU19
  81 003a 2023     		movs	r3, #32
  82 003c 80F83D30 		strb	r3, [r0, #61]
 112:../Drivers/STM32F4xx_HAL_Driver/Src/stm32f4xx_hal_i2c_ex.c ****   }
  83              		.loc 1 112 5 is_stmt 1 view .LVU20
 112:../Drivers/STM32F4xx_HAL_Driver/Src/stm32f4xx_hal_i2c_ex.c ****   }
  84              		.loc 1 112 12 is_stmt 0 view .LVU21
  85 0040 0020     		movs	r0, #0
  86              	.LVL3:
 112:../Drivers/STM32F4xx_HAL_Driver/Src/stm32f4xx_hal_i2c_ex.c ****   }
  87              		.loc 1 112 12 view .LVU22
  88 0042 7047     		bx	lr
  89              		.cfi_endproc
  90              	.LFE130:
  92              		.section	.text.HAL_I2CEx_ConfigDigitalFilter,"ax",%progbits
  93              		.align	1
  94              		.global	HAL_I2CEx_ConfigDigitalFilter
  95              		.syntax unified
  96              		.thumb
  97              		.thumb_func
ARM GAS  /tmp/cc8R80AE.s 			page 5


  98              		.fpu fpv4-sp-d16
 100              	HAL_I2CEx_ConfigDigitalFilter:
 101              	.LVL4:
 102              	.LFB131:
 119:../Drivers/STM32F4xx_HAL_Driver/Src/stm32f4xx_hal_i2c_ex.c **** 
 120:../Drivers/STM32F4xx_HAL_Driver/Src/stm32f4xx_hal_i2c_ex.c **** /**
 121:../Drivers/STM32F4xx_HAL_Driver/Src/stm32f4xx_hal_i2c_ex.c ****   * @brief  Configures I2C Digital noise filter.
 122:../Drivers/STM32F4xx_HAL_Driver/Src/stm32f4xx_hal_i2c_ex.c ****   * @param  hi2c pointer to a I2C_HandleTypeDef structure that contains
 123:../Drivers/STM32F4xx_HAL_Driver/Src/stm32f4xx_hal_i2c_ex.c ****   *                the configuration information for the specified I2Cx peripheral.
 124:../Drivers/STM32F4xx_HAL_Driver/Src/stm32f4xx_hal_i2c_ex.c ****   * @param  DigitalFilter Coefficient of digital noise filter between 0x00 and 0x0F.
 125:../Drivers/STM32F4xx_HAL_Driver/Src/stm32f4xx_hal_i2c_ex.c ****   * @retval HAL status
 126:../Drivers/STM32F4xx_HAL_Driver/Src/stm32f4xx_hal_i2c_ex.c ****   */
 127:../Drivers/STM32F4xx_HAL_Driver/Src/stm32f4xx_hal_i2c_ex.c **** HAL_StatusTypeDef HAL_I2CEx_ConfigDigitalFilter(I2C_HandleTypeDef *hi2c, uint32_t DigitalFilter)
 128:../Drivers/STM32F4xx_HAL_Driver/Src/stm32f4xx_hal_i2c_ex.c **** {
 103              		.loc 1 128 1 is_stmt 1 view -0
 104              		.cfi_startproc
 105              		@ args = 0, pretend = 0, frame = 0
 106              		@ frame_needed = 0, uses_anonymous_args = 0
 107              		@ link register save eliminated.
 129:../Drivers/STM32F4xx_HAL_Driver/Src/stm32f4xx_hal_i2c_ex.c ****   uint16_t tmpreg = 0;
 108              		.loc 1 129 3 view .LVU24
 130:../Drivers/STM32F4xx_HAL_Driver/Src/stm32f4xx_hal_i2c_ex.c **** 
 131:../Drivers/STM32F4xx_HAL_Driver/Src/stm32f4xx_hal_i2c_ex.c ****   /* Check the parameters */
 132:../Drivers/STM32F4xx_HAL_Driver/Src/stm32f4xx_hal_i2c_ex.c ****   assert_param(IS_I2C_ALL_INSTANCE(hi2c->Instance));
 109              		.loc 1 132 3 view .LVU25
 133:../Drivers/STM32F4xx_HAL_Driver/Src/stm32f4xx_hal_i2c_ex.c ****   assert_param(IS_I2C_DIGITAL_FILTER(DigitalFilter));
 110              		.loc 1 133 3 view .LVU26
 134:../Drivers/STM32F4xx_HAL_Driver/Src/stm32f4xx_hal_i2c_ex.c **** 
 135:../Drivers/STM32F4xx_HAL_Driver/Src/stm32f4xx_hal_i2c_ex.c ****   if (hi2c->State == HAL_I2C_STATE_READY)
 111              		.loc 1 135 3 view .LVU27
 112              		.loc 1 135 11 is_stmt 0 view .LVU28
 113 0000 90F83D30 		ldrb	r3, [r0, #61]	@ zero_extendqisi2
 114 0004 DBB2     		uxtb	r3, r3
 115              		.loc 1 135 6 view .LVU29
 116 0006 202B     		cmp	r3, #32
 117 0008 01D0     		beq	.L8
 136:../Drivers/STM32F4xx_HAL_Driver/Src/stm32f4xx_hal_i2c_ex.c ****   {
 137:../Drivers/STM32F4xx_HAL_Driver/Src/stm32f4xx_hal_i2c_ex.c ****     hi2c->State = HAL_I2C_STATE_BUSY;
 138:../Drivers/STM32F4xx_HAL_Driver/Src/stm32f4xx_hal_i2c_ex.c **** 
 139:../Drivers/STM32F4xx_HAL_Driver/Src/stm32f4xx_hal_i2c_ex.c ****     /* Disable the selected I2C peripheral */
 140:../Drivers/STM32F4xx_HAL_Driver/Src/stm32f4xx_hal_i2c_ex.c ****     __HAL_I2C_DISABLE(hi2c);
 141:../Drivers/STM32F4xx_HAL_Driver/Src/stm32f4xx_hal_i2c_ex.c **** 
 142:../Drivers/STM32F4xx_HAL_Driver/Src/stm32f4xx_hal_i2c_ex.c ****     /* Get the old register value */
 143:../Drivers/STM32F4xx_HAL_Driver/Src/stm32f4xx_hal_i2c_ex.c ****     tmpreg = hi2c->Instance->FLTR;
 144:../Drivers/STM32F4xx_HAL_Driver/Src/stm32f4xx_hal_i2c_ex.c **** 
 145:../Drivers/STM32F4xx_HAL_Driver/Src/stm32f4xx_hal_i2c_ex.c ****     /* Reset I2Cx DNF bit [3:0] */
 146:../Drivers/STM32F4xx_HAL_Driver/Src/stm32f4xx_hal_i2c_ex.c ****     tmpreg &= ~(I2C_FLTR_DNF);
 147:../Drivers/STM32F4xx_HAL_Driver/Src/stm32f4xx_hal_i2c_ex.c **** 
 148:../Drivers/STM32F4xx_HAL_Driver/Src/stm32f4xx_hal_i2c_ex.c ****     /* Set I2Cx DNF coefficient */
 149:../Drivers/STM32F4xx_HAL_Driver/Src/stm32f4xx_hal_i2c_ex.c ****     tmpreg |= DigitalFilter;
 150:../Drivers/STM32F4xx_HAL_Driver/Src/stm32f4xx_hal_i2c_ex.c **** 
 151:../Drivers/STM32F4xx_HAL_Driver/Src/stm32f4xx_hal_i2c_ex.c ****     /* Store the new register value */
 152:../Drivers/STM32F4xx_HAL_Driver/Src/stm32f4xx_hal_i2c_ex.c ****     hi2c->Instance->FLTR = tmpreg;
 153:../Drivers/STM32F4xx_HAL_Driver/Src/stm32f4xx_hal_i2c_ex.c **** 
 154:../Drivers/STM32F4xx_HAL_Driver/Src/stm32f4xx_hal_i2c_ex.c ****     __HAL_I2C_ENABLE(hi2c);
 155:../Drivers/STM32F4xx_HAL_Driver/Src/stm32f4xx_hal_i2c_ex.c **** 
 156:../Drivers/STM32F4xx_HAL_Driver/Src/stm32f4xx_hal_i2c_ex.c ****     hi2c->State = HAL_I2C_STATE_READY;
ARM GAS  /tmp/cc8R80AE.s 			page 6


 157:../Drivers/STM32F4xx_HAL_Driver/Src/stm32f4xx_hal_i2c_ex.c **** 
 158:../Drivers/STM32F4xx_HAL_Driver/Src/stm32f4xx_hal_i2c_ex.c ****     return HAL_OK;
 159:../Drivers/STM32F4xx_HAL_Driver/Src/stm32f4xx_hal_i2c_ex.c ****   }
 160:../Drivers/STM32F4xx_HAL_Driver/Src/stm32f4xx_hal_i2c_ex.c ****   else
 161:../Drivers/STM32F4xx_HAL_Driver/Src/stm32f4xx_hal_i2c_ex.c ****   {
 162:../Drivers/STM32F4xx_HAL_Driver/Src/stm32f4xx_hal_i2c_ex.c ****     return HAL_BUSY;
 118              		.loc 1 162 12 view .LVU30
 119 000a 0220     		movs	r0, #2
 120              	.LVL5:
 163:../Drivers/STM32F4xx_HAL_Driver/Src/stm32f4xx_hal_i2c_ex.c ****   }
 164:../Drivers/STM32F4xx_HAL_Driver/Src/stm32f4xx_hal_i2c_ex.c **** }
 121              		.loc 1 164 1 view .LVU31
 122 000c 7047     		bx	lr
 123              	.LVL6:
 124              	.L8:
 137:../Drivers/STM32F4xx_HAL_Driver/Src/stm32f4xx_hal_i2c_ex.c **** 
 125              		.loc 1 137 5 is_stmt 1 view .LVU32
 137:../Drivers/STM32F4xx_HAL_Driver/Src/stm32f4xx_hal_i2c_ex.c **** 
 126              		.loc 1 137 17 is_stmt 0 view .LVU33
 127 000e 2423     		movs	r3, #36
 128 0010 80F83D30 		strb	r3, [r0, #61]
 140:../Drivers/STM32F4xx_HAL_Driver/Src/stm32f4xx_hal_i2c_ex.c **** 
 129              		.loc 1 140 5 is_stmt 1 view .LVU34
 130 0014 0268     		ldr	r2, [r0]
 131 0016 1368     		ldr	r3, [r2]
 132 0018 23F00103 		bic	r3, r3, #1
 133 001c 1360     		str	r3, [r2]
 143:../Drivers/STM32F4xx_HAL_Driver/Src/stm32f4xx_hal_i2c_ex.c **** 
 134              		.loc 1 143 5 view .LVU35
 143:../Drivers/STM32F4xx_HAL_Driver/Src/stm32f4xx_hal_i2c_ex.c **** 
 135              		.loc 1 143 18 is_stmt 0 view .LVU36
 136 001e 0268     		ldr	r2, [r0]
 143:../Drivers/STM32F4xx_HAL_Driver/Src/stm32f4xx_hal_i2c_ex.c **** 
 137              		.loc 1 143 28 view .LVU37
 138 0020 536A     		ldr	r3, [r2, #36]
 143:../Drivers/STM32F4xx_HAL_Driver/Src/stm32f4xx_hal_i2c_ex.c **** 
 139              		.loc 1 143 12 view .LVU38
 140 0022 9BB2     		uxth	r3, r3
 141              	.LVL7:
 146:../Drivers/STM32F4xx_HAL_Driver/Src/stm32f4xx_hal_i2c_ex.c **** 
 142              		.loc 1 146 5 is_stmt 1 view .LVU39
 146:../Drivers/STM32F4xx_HAL_Driver/Src/stm32f4xx_hal_i2c_ex.c **** 
 143              		.loc 1 146 12 is_stmt 0 view .LVU40
 144 0024 23F00F03 		bic	r3, r3, #15
 145              	.LVL8:
 149:../Drivers/STM32F4xx_HAL_Driver/Src/stm32f4xx_hal_i2c_ex.c **** 
 146              		.loc 1 149 5 is_stmt 1 view .LVU41
 149:../Drivers/STM32F4xx_HAL_Driver/Src/stm32f4xx_hal_i2c_ex.c **** 
 147              		.loc 1 149 12 is_stmt 0 view .LVU42
 148 0028 1943     		orrs	r1, r1, r3
 149              	.LVL9:
 149:../Drivers/STM32F4xx_HAL_Driver/Src/stm32f4xx_hal_i2c_ex.c **** 
 150              		.loc 1 149 12 view .LVU43
 151 002a 89B2     		uxth	r1, r1
 152              	.LVL10:
 152:../Drivers/STM32F4xx_HAL_Driver/Src/stm32f4xx_hal_i2c_ex.c **** 
 153              		.loc 1 152 5 is_stmt 1 view .LVU44
ARM GAS  /tmp/cc8R80AE.s 			page 7


 152:../Drivers/STM32F4xx_HAL_Driver/Src/stm32f4xx_hal_i2c_ex.c **** 
 154              		.loc 1 152 26 is_stmt 0 view .LVU45
 155 002c 5162     		str	r1, [r2, #36]
 154:../Drivers/STM32F4xx_HAL_Driver/Src/stm32f4xx_hal_i2c_ex.c **** 
 156              		.loc 1 154 5 is_stmt 1 view .LVU46
 157 002e 0268     		ldr	r2, [r0]
 158 0030 1368     		ldr	r3, [r2]
 159 0032 43F00103 		orr	r3, r3, #1
 160 0036 1360     		str	r3, [r2]
 156:../Drivers/STM32F4xx_HAL_Driver/Src/stm32f4xx_hal_i2c_ex.c **** 
 161              		.loc 1 156 5 view .LVU47
 156:../Drivers/STM32F4xx_HAL_Driver/Src/stm32f4xx_hal_i2c_ex.c **** 
 162              		.loc 1 156 17 is_stmt 0 view .LVU48
 163 0038 2023     		movs	r3, #32
 164 003a 80F83D30 		strb	r3, [r0, #61]
 158:../Drivers/STM32F4xx_HAL_Driver/Src/stm32f4xx_hal_i2c_ex.c ****   }
 165              		.loc 1 158 5 is_stmt 1 view .LVU49
 158:../Drivers/STM32F4xx_HAL_Driver/Src/stm32f4xx_hal_i2c_ex.c ****   }
 166              		.loc 1 158 12 is_stmt 0 view .LVU50
 167 003e 0020     		movs	r0, #0
 168              	.LVL11:
 158:../Drivers/STM32F4xx_HAL_Driver/Src/stm32f4xx_hal_i2c_ex.c ****   }
 169              		.loc 1 158 12 view .LVU51
 170 0040 7047     		bx	lr
 171              		.cfi_endproc
 172              	.LFE131:
 174              		.text
 175              	.Letext0:
 176              		.file 2 "/usr/arm-none-eabi/include/machine/_default_types.h"
 177              		.file 3 "/usr/arm-none-eabi/include/sys/_stdint.h"
 178              		.file 4 "../Drivers/CMSIS/Device/ST/STM32F4xx/Include/stm32f429xx.h"
 179              		.file 5 "../Drivers/STM32F4xx_HAL_Driver/Inc/stm32f4xx_hal_def.h"
 180              		.file 6 "../Drivers/STM32F4xx_HAL_Driver/Inc/stm32f4xx_hal_dma.h"
 181              		.file 7 "../Drivers/STM32F4xx_HAL_Driver/Inc/stm32f4xx_hal_i2c.h"
ARM GAS  /tmp/cc8R80AE.s 			page 8


DEFINED SYMBOLS
                            *ABS*:0000000000000000 stm32f4xx_hal_i2c_ex.c
     /tmp/cc8R80AE.s:18     .text.HAL_I2CEx_ConfigAnalogFilter:0000000000000000 $t
     /tmp/cc8R80AE.s:26     .text.HAL_I2CEx_ConfigAnalogFilter:0000000000000000 HAL_I2CEx_ConfigAnalogFilter
     /tmp/cc8R80AE.s:93     .text.HAL_I2CEx_ConfigDigitalFilter:0000000000000000 $t
     /tmp/cc8R80AE.s:100    .text.HAL_I2CEx_ConfigDigitalFilter:0000000000000000 HAL_I2CEx_ConfigDigitalFilter

NO UNDEFINED SYMBOLS
